INFO  [2014-02-03 23:10:19,519] org.apache.zookeeper.ZooKeeper: Client environment:zookeeper.version=3.4.5-cdh4.3.0--1, built on 05/28/2013 01:58 GMT
INFO  [2014-02-03 23:10:19,521] org.apache.zookeeper.ZooKeeper: Client environment:host.name=172.29.3.131
INFO  [2014-02-03 23:10:19,521] org.apache.zookeeper.ZooKeeper: Client environment:java.version=1.7.0_45
INFO  [2014-02-03 23:10:19,521] org.apache.zookeeper.ZooKeeper: Client environment:java.vendor=Oracle Corporation
INFO  [2014-02-03 23:10:19,521] org.apache.zookeeper.ZooKeeper: Client environment:java.home=/Library/Java/JavaVirtualMachines/jdk1.7.0_45.jdk/Contents/Home/jre
INFO  [2014-02-03 23:10:19,521] org.apache.zookeeper.ZooKeeper: Client environment:java.class.path=/Users/dan/wibi/bento/rest/lib/activation-1.1.jar:/Users/dan/wibi/bento/rest/lib/annotations-1.0.0.jar:/Users/dan/wibi/bento/rest/lib/argparse4j-0.4.0.jar:/Users/dan/wibi/bento/rest/lib/asm-3.1.jar:/Users/dan/wibi/bento/rest/lib/avro-1.7.5.jar:/Users/dan/wibi/bento/rest/lib/avro-ipc-1.7.5-tests.jar:/Users/dan/wibi/bento/rest/lib/avro-ipc-1.7.5.jar:/Users/dan/wibi/bento/rest/lib/avro-mapred-1.7.5.jar:/Users/dan/wibi/bento/rest/lib/commons-beanutils-1.7.0.jar:/Users/dan/wibi/bento/rest/lib/commons-beanutils-core-1.8.0.jar:/Users/dan/wibi/bento/rest/lib/commons-cli-1.2.jar:/Users/dan/wibi/bento/rest/lib/commons-codec-1.6.jar:/Users/dan/wibi/bento/rest/lib/commons-collections-3.2.1.jar:/Users/dan/wibi/bento/rest/lib/commons-compress-1.4.1.jar:/Users/dan/wibi/bento/rest/lib/commons-configuration-1.6.jar:/Users/dan/wibi/bento/rest/lib/commons-digester-1.8.jar:/Users/dan/wibi/bento/rest/lib/commons-el-1.0.jar:/Users/dan/wibi/bento/rest/lib/commons-httpclient-3.1.jar:/Users/dan/wibi/bento/rest/lib/commons-io-2.1.jar:/Users/dan/wibi/bento/rest/lib/commons-lang-2.6.jar:/Users/dan/wibi/bento/rest/lib/commons-logging-1.1.1.jar:/Users/dan/wibi/bento/rest/lib/commons-math-2.1.jar:/Users/dan/wibi/bento/rest/lib/commons-net-3.1.jar:/Users/dan/wibi/bento/rest/lib/commons-pool-1.6.jar:/Users/dan/wibi/bento/rest/lib/core-3.1.1.jar:/Users/dan/wibi/bento/rest/lib/dropwizard-core-0.6.2.jar:/Users/dan/wibi/bento/rest/lib/gson-2.2.2.jar:/Users/dan/wibi/bento/rest/lib/guava-14.0.1.jar:/Users/dan/wibi/bento/rest/lib/hadoop-annotations-2.0.0-cdh4.3.0.jar:/Users/dan/wibi/bento/rest/lib/hadoop-auth-2.0.0-cdh4.3.0.jar:/Users/dan/wibi/bento/rest/lib/hadoop-client-2.0.0-mr1-cdh4.3.0.jar:/Users/dan/wibi/bento/rest/lib/hadoop-common-2.0.0-cdh4.3.0.jar:/Users/dan/wibi/bento/rest/lib/hadoop-configurator-1.0.2.jar:/Users/dan/wibi/bento/rest/lib/hadoop-core-2.0.0-mr1-cdh4.3.0.jar:/Users/dan/wibi/bento/rest/lib/hadoop-hdfs-2.0.0-cdh4.3.0.jar:/Users/dan/wibi/bento/rest/lib/hbase-0.94.6-cdh4.3.0.jar:/Users/dan/wibi/bento/rest/lib/hibernate-validator-4.3.1.Final.jar:/Users/dan/wibi/bento/rest/lib/high-scale-lib-1.1.1.jar:/Users/dan/wibi/bento/rest/lib/hsqldb-1.8.0.10.jar:/Users/dan/wibi/bento/rest/lib/httpclient-4.2.3.jar:/Users/dan/wibi/bento/rest/lib/httpcore-4.1.3.jar:/Users/dan/wibi/bento/rest/lib/jackson-annotations-2.1.4.jar:/Users/dan/wibi/bento/rest/lib/jackson-core-2.1.4.jar:/Users/dan/wibi/bento/rest/lib/jackson-core-asl-1.8.8.jar:/Users/dan/wibi/bento/rest/lib/jackson-databind-2.1.4.jar:/Users/dan/wibi/bento/rest/lib/jackson-dataformat-yaml-2.1.4.jar:/Users/dan/wibi/bento/rest/lib/jackson-datatype-guava-2.1.2.jar:/Users/dan/wibi/bento/rest/lib/jackson-datatype-joda-2.1.2.jar:/Users/dan/wibi/bento/rest/lib/jackson-jaxrs-1.8.8.jar:/Users/dan/wibi/bento/rest/lib/jackson-jaxrs-json-provider-2.1.4.jar:/Users/dan/wibi/bento/rest/lib/jackson-mapper-asl-1.8.8.jar:/Users/dan/wibi/bento/rest/lib/jackson-module-jaxb-annotations-2.1.4.jar:/Users/dan/wibi/bento/rest/lib/jackson-xc-1.8.8.jar:/Users/dan/wibi/bento/rest/lib/jamon-runtime-2.3.1.jar:/Users/dan/wibi/bento/rest/lib/jasper-compiler-5.5.23.jar:/Users/dan/wibi/bento/rest/lib/jasper-runtime-5.5.23.jar:/Users/dan/wibi/bento/rest/lib/javax.servlet-3.0.0.v201112011016.jar:/Users/dan/wibi/bento/rest/lib/jaxb-api-2.1.jar:/Users/dan/wibi/bento/rest/lib/jaxb-impl-2.2.3-1.jar:/Users/dan/wibi/bento/rest/lib/jboss-logging-3.1.0.CR2.jar:/Users/dan/wibi/bento/rest/lib/jersey-core-1.17.1.jar:/Users/dan/wibi/bento/rest/lib/jersey-json-1.8.jar:/Users/dan/wibi/bento/rest/lib/jersey-server-1.17.1.jar:/Users/dan/wibi/bento/rest/lib/jersey-servlet-1.17.1.jar:/Users/dan/wibi/bento/rest/lib/jets3t-0.6.1.jar:/Users/dan/wibi/bento/rest/lib/jettison-1.1.jar:/Users/dan/wibi/bento/rest/lib/jetty-6.1.26.cloudera.2.jar:/Users/dan/wibi/bento/rest/lib/jetty-client-8.1.10.v20130312.jar:/Users/dan/wibi/bento/rest/lib/jetty-continuation-8.1.10.v20130312.jar:/Users/dan/wibi/bento/rest/lib/jetty-http-8.1.10.v20130312.jar:/Users/dan/wibi/bento/rest/lib/jetty-io-8.1.10.v20130312.jar:/Users/dan/wibi/bento/rest/lib/jetty-security-8.1.10.v20130312.jar:/Users/dan/wibi/bento/rest/lib/jetty-server-8.1.10.v20130312.jar:/Users/dan/wibi/bento/rest/lib/jetty-servlet-8.1.10.v20130312.jar:/Users/dan/wibi/bento/rest/lib/jetty-servlets-8.1.10.v20130312.jar:/Users/dan/wibi/bento/rest/lib/jetty-util-6.1.26.cloudera.2.jar:/Users/dan/wibi/bento/rest/lib/jetty-util-8.1.10.v20130312.jar:/Users/dan/wibi/bento/rest/lib/jline-0.9.94.jar:/Users/dan/wibi/bento/rest/lib/joda-time-2.2.jar:/Users/dan/wibi/bento/rest/lib/jsch-0.1.42.jar:/Users/dan/wibi/bento/rest/lib/jsp-2.1-6.1.14.jar:/Users/dan/wibi/bento/rest/lib/jsp-api-2.1-6.1.14.jar:/Users/dan/wibi/bento/rest/lib/jsr305-1.3.9.jar:/Users/dan/wibi/bento/rest/lib/jul-to-slf4j-1.7.4.jar:/Users/dan/wibi/bento/rest/lib/kiji-avro-1.1.2-cdh4.jar:/Users/dan/wibi/bento/rest/lib/kiji-checkin-1.0.4.jar:/Users/dan/wibi/bento/rest/lib/kiji-common-flags-1.0.7.jar:/Users/dan/wibi/bento/rest/lib/kiji-delegation-1.0.0.jar:/Users/dan/wibi/bento/rest/lib/kiji-mapreduce-1.2.4.jar:/Users/dan/wibi/bento/rest/lib/kiji-mapreduce-cdh4mr1-bridge-1.2.4.jar:/Users/dan/wibi/bento/rest/lib/kiji-mapreduce-hadoop1-bridge-1.2.4.jar:/Users/dan/wibi/bento/rest/lib/kiji-mapreduce-platform-api-1.2.4.jar:/Users/dan/wibi/bento/rest/lib/kiji-rest-1.2.2-SNAPSHOT.jar:/Users/dan/wibi/bento/rest/lib/kiji-schema-1.3.6.jar:/Users/dan/wibi/bento/rest/lib/kiji-schema-cdh41mr1-bridge-1.3.6.jar:/Users/dan/wibi/bento/rest/lib/kiji-schema-cdh42mr1-bridge-1.3.6.jar:/Users/dan/wibi/bento/rest/lib/kiji-schema-hadoop1-hbase92-bridge-1.3.6.jar:/Users/dan/wibi/bento/rest/lib/kiji-schema-hadoop1-hbase94-bridge-1.3.6.jar:/Users/dan/wibi/bento/rest/lib/kiji-schema-platform-api-1.3.6.jar:/Users/dan/wibi/bento/rest/lib/kiji-scoring-0.11.0.jar:/Users/dan/wibi/bento/rest/lib/libthrift-0.9.0.jar:/Users/dan/wibi/bento/rest/lib/log4j-1.2.16.jar:/Users/dan/wibi/bento/rest/lib/log4j-over-slf4j-1.7.4.jar:/Users/dan/wibi/bento/rest/lib/logback-classic-1.0.10.jar:/Users/dan/wibi/bento/rest/lib/logback-core-1.0.10.jar:/Users/dan/wibi/bento/rest/lib/metrics-annotation-2.2.0.jar:/Users/dan/wibi/bento/rest/lib/metrics-core-2.2.0.jar:/Users/dan/wibi/bento/rest/lib/metrics-jersey-2.2.0.jar:/Users/dan/wibi/bento/rest/lib/metrics-jetty-2.2.0.jar:/Users/dan/wibi/bento/rest/lib/metrics-logback-2.2.0.jar:/Users/dan/wibi/bento/rest/lib/metrics-servlet-2.2.0.jar:/Users/dan/wibi/bento/rest/lib/mockito-all-1.9.5.jar:/Users/dan/wibi/bento/rest/lib/mrunit-0.9.0-incubating-hadoop2.jar:/Users/dan/wibi/bento/rest/lib/netty-3.4.0.Final.jar:/Users/dan/wibi/bento/rest/lib/paranamer-2.3.jar:/Users/dan/wibi/bento/rest/lib/protobuf-java-2.4.0a.jar:/Users/dan/wibi/bento/rest/lib/slf4j-api-1.7.2.jar:/Users/dan/wibi/bento/rest/lib/snappy-java-1.0.5.jar:/Users/dan/wibi/bento/rest/lib/stax-api-1.0.1.jar:/Users/dan/wibi/bento/rest/lib/validation-api-1.0.0.GA.jar:/Users/dan/wibi/bento/rest/lib/velocity-1.7.jar:/Users/dan/wibi/bento/rest/lib/xmlenc-0.52.jar:/Users/dan/wibi/bento/rest/lib/xz-1.0.jar:/Users/dan/wibi/bento/rest/lib/zookeeper-3.4.5-cdh4.3.0.jar::/Users/dan/wibi/bento/rest/conf
INFO  [2014-02-03 23:10:19,521] org.apache.zookeeper.ZooKeeper: Client environment:java.library.path=/Users/dan/Library/Java/Extensions:/Library/Java/Extensions:/Network/Library/Java/Extensions:/System/Library/Java/Extensions:/usr/lib/java:.
INFO  [2014-02-03 23:10:19,521] org.apache.zookeeper.ZooKeeper: Client environment:java.io.tmpdir=/var/folders/vq/6qt3jdrn1kj5rczsx63rg0vc0000gp/T/
INFO  [2014-02-03 23:10:19,521] org.apache.zookeeper.ZooKeeper: Client environment:java.compiler=<NA>
INFO  [2014-02-03 23:10:19,521] org.apache.zookeeper.ZooKeeper: Client environment:os.name=Mac OS X
INFO  [2014-02-03 23:10:19,521] org.apache.zookeeper.ZooKeeper: Client environment:os.arch=x86_64
INFO  [2014-02-03 23:10:19,521] org.apache.zookeeper.ZooKeeper: Client environment:os.version=10.9.1
INFO  [2014-02-03 23:10:19,521] org.apache.zookeeper.ZooKeeper: Client environment:user.name=dan
INFO  [2014-02-03 23:10:19,521] org.apache.zookeeper.ZooKeeper: Client environment:user.home=/Users/dan
INFO  [2014-02-03 23:10:19,521] org.apache.zookeeper.ZooKeeper: Client environment:user.dir=/Users/dan/dotfiles/bin
INFO  [2014-02-03 23:10:19,522] org.apache.zookeeper.ZooKeeper: Initiating client connection, connectString=localhost:2181 sessionTimeout=180000 watcher=hconnection
INFO  [2014-02-03 23:10:24,613] org.apache.zookeeper.ClientCnxn: Opening socket connection to server fe80:0:0:0:0:0:0:1%1/fe80:0:0:0:0:0:0:1%1:2181. Will not attempt to authenticate using SASL (unknown error)
INFO  [2014-02-03 23:10:24,617] org.apache.zookeeper.ClientCnxn: Socket connection established to fe80:0:0:0:0:0:0:1%1/fe80:0:0:0:0:0:0:1%1:2181, initiating session
INFO  [2014-02-03 23:10:24,628] org.apache.zookeeper.ClientCnxn: Session establishment complete on server fe80:0:0:0:0:0:0:1%1/fe80:0:0:0:0:0:0:1%1:2181, sessionid = 0x143f971c5f30107, negotiated timeout = 40000
INFO  [2014-02-03 23:10:24,866] org.apache.zookeeper.ZooKeeper: Initiating client connection, connectString=localhost:2181 sessionTimeout=180000 watcher=hconnection
INFO  [2014-02-03 23:10:24,867] org.apache.zookeeper.ClientCnxn: Opening socket connection to server localhost/0:0:0:0:0:0:0:1:2181. Will not attempt to authenticate using SASL (unknown error)
INFO  [2014-02-03 23:10:24,867] org.apache.zookeeper.ClientCnxn: Socket connection established to localhost/0:0:0:0:0:0:0:1:2181, initiating session
INFO  [2014-02-03 23:10:24,869] org.apache.zookeeper.ClientCnxn: Session establishment complete on server localhost/0:0:0:0:0:0:0:1:2181, sessionid = 0x143f971c5f30108, negotiated timeout = 40000
INFO  [2014-02-03 23:10:24,913] org.apache.zookeeper.ZooKeeper: Initiating client connection, connectString=localhost:2181 sessionTimeout=60000 watcher=org.kiji.schema.layout.impl.ZooKeeperClient$SessionWatcher@222e8b4
INFO  [2014-02-03 23:10:24,914] org.apache.zookeeper.ClientCnxn: Opening socket connection to server localhost/127.0.0.1:2181. Will not attempt to authenticate using SASL (unknown error)
INFO  [2014-02-03 23:10:24,914] org.apache.zookeeper.ClientCnxn: Socket connection established to localhost/127.0.0.1:2181, initiating session
INFO  [2014-02-03 23:10:24,915] org.apache.zookeeper.ClientCnxn: Session establishment complete on server localhost/127.0.0.1:2181, sessionid = 0x143f971c5f30109, negotiated timeout = 40000
INFO  [2014-02-03 23:10:24,923] org.apache.zookeeper.ZooKeeper: Session: 0x143f971c5f30109 closed
INFO  [2014-02-03 23:10:24,923] org.apache.zookeeper.ClientCnxn: EventThread shut down
INFO  [2014-02-03 23:10:25,026] org.apache.zookeeper.ZooKeeper: Session: 0x143f971c5f30108 closed
INFO  [2014-02-03 23:10:25,026] org.apache.zookeeper.ClientCnxn: EventThread shut down
INFO  [2014-02-03 23:10:25,026] org.kiji.rest.KijiRESTService: Loading instance kiji://localhost:2181/default/ upon startup.
INFO  [2014-02-03 23:10:25,037] org.apache.zookeeper.ZooKeeper: Initiating client connection, connectString=localhost:2181 sessionTimeout=180000 watcher=hconnection
INFO  [2014-02-03 23:10:25,038] org.apache.zookeeper.ClientCnxn: Opening socket connection to server localhost/0:0:0:0:0:0:0:1:2181. Will not attempt to authenticate using SASL (unknown error)
INFO  [2014-02-03 23:10:25,038] org.apache.zookeeper.ClientCnxn: Socket connection established to localhost/0:0:0:0:0:0:0:1:2181, initiating session
INFO  [2014-02-03 23:10:25,039] org.apache.zookeeper.ClientCnxn: Session establishment complete on server localhost/0:0:0:0:0:0:0:1:2181, sessionid = 0x143f971c5f3010a, negotiated timeout = 40000
INFO  [2014-02-03 23:10:25,051] org.apache.zookeeper.ZooKeeper: Initiating client connection, connectString=localhost:2181 sessionTimeout=60000 watcher=org.kiji.schema.layout.impl.ZooKeeperClient$SessionWatcher@7a85b031
INFO  [2014-02-03 23:10:25,052] org.apache.zookeeper.ClientCnxn: Opening socket connection to server localhost/0:0:0:0:0:0:0:1:2181. Will not attempt to authenticate using SASL (unknown error)
INFO  [2014-02-03 23:10:25,052] org.apache.zookeeper.ClientCnxn: Socket connection established to localhost/0:0:0:0:0:0:0:1:2181, initiating session
INFO  [2014-02-03 23:10:25,053] org.apache.zookeeper.ClientCnxn: Session establishment complete on server localhost/0:0:0:0:0:0:0:1:2181, sessionid = 0x143f971c5f3010b, negotiated timeout = 40000
INFO  [2014-02-03 23:10:25,056] org.apache.zookeeper.ZooKeeper: Session: 0x143f971c5f3010b closed
INFO  [2014-02-03 23:10:25,056] org.apache.zookeeper.ClientCnxn: EventThread shut down
INFO  [2014-02-03 23:10:25,159] org.apache.zookeeper.ZooKeeper: Session: 0x143f971c5f3010a closed
INFO  [2014-02-03 23:10:25,159] org.apache.zookeeper.ClientCnxn: EventThread shut down
INFO  [2014-02-03 23:10:25,159] org.kiji.rest.KijiRESTService: Loading instance kiji://localhost:2181/default/ upon startup.
INFO  [2014-02-03 23:10:25,169] org.apache.zookeeper.ZooKeeper: Initiating client connection, connectString=localhost:2181 sessionTimeout=180000 watcher=hconnection
INFO  [2014-02-03 23:10:30,244] org.apache.zookeeper.ClientCnxn: Opening socket connection to server fe80:0:0:0:0:0:0:1%1/fe80:0:0:0:0:0:0:1%1:2181. Will not attempt to authenticate using SASL (unknown error)
INFO  [2014-02-03 23:10:30,244] org.apache.zookeeper.ClientCnxn: Socket connection established to fe80:0:0:0:0:0:0:1%1/fe80:0:0:0:0:0:0:1%1:2181, initiating session
INFO  [2014-02-03 23:10:30,252] org.apache.zookeeper.ClientCnxn: Session establishment complete on server fe80:0:0:0:0:0:0:1%1/fe80:0:0:0:0:0:0:1%1:2181, sessionid = 0x143f971c5f3010c, negotiated timeout = 40000
INFO  [2014-02-03 23:10:30,263] org.apache.zookeeper.ZooKeeper: Initiating client connection, connectString=localhost:2181 sessionTimeout=60000 watcher=org.kiji.schema.layout.impl.ZooKeeperClient$SessionWatcher@4c4d2a8
INFO  [2014-02-03 23:10:30,264] org.apache.zookeeper.ClientCnxn: Opening socket connection to server localhost/127.0.0.1:2181. Will not attempt to authenticate using SASL (unknown error)
INFO  [2014-02-03 23:10:30,265] org.apache.zookeeper.ClientCnxn: Socket connection established to localhost/127.0.0.1:2181, initiating session
INFO  [2014-02-03 23:10:30,265] org.apache.zookeeper.ClientCnxn: Session establishment complete on server localhost/127.0.0.1:2181, sessionid = 0x143f971c5f3010d, negotiated timeout = 40000
INFO  [2014-02-03 23:10:30,269] org.apache.zookeeper.ZooKeeper: Session: 0x143f971c5f3010d closed
INFO  [2014-02-03 23:10:30,269] org.apache.zookeeper.ClientCnxn: EventThread shut down
INFO  [2014-02-03 23:10:30,371] org.apache.zookeeper.ZooKeeper: Session: 0x143f971c5f3010c closed
INFO  [2014-02-03 23:10:30,372] org.apache.zookeeper.ClientCnxn: EventThread shut down
INFO  [2014-02-03 23:10:30,372] org.kiji.rest.KijiRESTService: Loading instance kiji://localhost:2181/default/ upon startup.
INFO  [2014-02-03 23:10:30,381] org.apache.zookeeper.ZooKeeper: Initiating client connection, connectString=localhost:2181 sessionTimeout=180000 watcher=hconnection
INFO  [2014-02-03 23:10:35,457] org.apache.zookeeper.ClientCnxn: Opening socket connection to server fe80:0:0:0:0:0:0:1%1/fe80:0:0:0:0:0:0:1%1:2181. Will not attempt to authenticate using SASL (unknown error)
INFO  [2014-02-03 23:10:35,457] org.apache.zookeeper.ClientCnxn: Socket connection established to fe80:0:0:0:0:0:0:1%1/fe80:0:0:0:0:0:0:1%1:2181, initiating session
INFO  [2014-02-03 23:10:35,464] org.apache.zookeeper.ClientCnxn: Session establishment complete on server fe80:0:0:0:0:0:0:1%1/fe80:0:0:0:0:0:0:1%1:2181, sessionid = 0x143f971c5f3010e, negotiated timeout = 40000
INFO  [2014-02-03 23:10:35,476] org.apache.zookeeper.ZooKeeper: Initiating client connection, connectString=localhost:2181 sessionTimeout=60000 watcher=org.kiji.schema.layout.impl.ZooKeeperClient$SessionWatcher@3839e07a
INFO  [2014-02-03 23:10:35,477] org.apache.zookeeper.ClientCnxn: Opening socket connection to server localhost/0:0:0:0:0:0:0:1:2181. Will not attempt to authenticate using SASL (unknown error)
INFO  [2014-02-03 23:10:35,477] org.apache.zookeeper.ClientCnxn: Socket connection established to localhost/0:0:0:0:0:0:0:1:2181, initiating session
INFO  [2014-02-03 23:10:35,478] org.apache.zookeeper.ClientCnxn: Session establishment complete on server localhost/0:0:0:0:0:0:0:1:2181, sessionid = 0x143f971c5f3010f, negotiated timeout = 40000
INFO  [2014-02-03 23:10:35,482] org.apache.zookeeper.ZooKeeper: Session: 0x143f971c5f3010f closed
INFO  [2014-02-03 23:10:35,482] org.apache.zookeeper.ClientCnxn: EventThread shut down
INFO  [2014-02-03 23:10:35,584] org.apache.zookeeper.ZooKeeper: Session: 0x143f971c5f3010e closed
INFO  [2014-02-03 23:10:35,584] org.apache.zookeeper.ClientCnxn: EventThread shut down
INFO  [2014-02-03 23:10:35,584] org.kiji.rest.KijiRESTService: Loading instance kiji://localhost:2181/default/ upon startup.
INFO  [2014-02-03 23:10:35,593] org.apache.zookeeper.ZooKeeper: Initiating client connection, connectString=localhost:2181 sessionTimeout=180000 watcher=hconnection
INFO  [2014-02-03 23:10:35,594] org.apache.zookeeper.ClientCnxn: Opening socket connection to server localhost/0:0:0:0:0:0:0:1:2181. Will not attempt to authenticate using SASL (unknown error)
INFO  [2014-02-03 23:10:35,595] org.apache.zookeeper.ClientCnxn: Socket connection established to localhost/0:0:0:0:0:0:0:1:2181, initiating session
INFO  [2014-02-03 23:10:35,596] org.apache.zookeeper.ClientCnxn: Session establishment complete on server localhost/0:0:0:0:0:0:0:1:2181, sessionid = 0x143f971c5f30110, negotiated timeout = 40000
INFO  [2014-02-03 23:10:35,607] org.apache.zookeeper.ZooKeeper: Initiating client connection, connectString=localhost:2181 sessionTimeout=60000 watcher=org.kiji.schema.layout.impl.ZooKeeperClient$SessionWatcher@21a9234d
INFO  [2014-02-03 23:10:35,608] org.apache.zookeeper.ClientCnxn: Opening socket connection to server localhost/127.0.0.1:2181. Will not attempt to authenticate using SASL (unknown error)
INFO  [2014-02-03 23:10:35,608] org.apache.zookeeper.ClientCnxn: Socket connection established to localhost/127.0.0.1:2181, initiating session
INFO  [2014-02-03 23:10:35,609] org.apache.zookeeper.ClientCnxn: Session establishment complete on server localhost/127.0.0.1:2181, sessionid = 0x143f971c5f30111, negotiated timeout = 40000
INFO  [2014-02-03 23:10:35,612] org.apache.zookeeper.ZooKeeper: Session: 0x143f971c5f30111 closed
INFO  [2014-02-03 23:10:35,613] org.apache.zookeeper.ClientCnxn: EventThread shut down
INFO  [2014-02-03 23:10:35,715] org.apache.zookeeper.ZooKeeper: Session: 0x143f971c5f30110 closed
INFO  [2014-02-03 23:10:35,715] org.apache.zookeeper.ClientCnxn: EventThread shut down
INFO  [2014-02-03 23:10:35,715] org.kiji.rest.KijiRESTService: Loading instance kiji://localhost:2181/default/ upon startup.
INFO  [2014-02-03 23:10:35,724] org.apache.zookeeper.ZooKeeper: Initiating client connection, connectString=localhost:2181 sessionTimeout=180000 watcher=hconnection
INFO  [2014-02-03 23:10:35,725] org.apache.zookeeper.ClientCnxn: Opening socket connection to server localhost/127.0.0.1:2181. Will not attempt to authenticate using SASL (unknown error)
INFO  [2014-02-03 23:10:35,725] org.apache.zookeeper.ClientCnxn: Socket connection established to localhost/127.0.0.1:2181, initiating session
INFO  [2014-02-03 23:10:35,726] org.apache.zookeeper.ClientCnxn: Session establishment complete on server localhost/127.0.0.1:2181, sessionid = 0x143f971c5f30112, negotiated timeout = 40000
INFO  [2014-02-03 23:10:35,737] org.apache.zookeeper.ZooKeeper: Initiating client connection, connectString=localhost:2181 sessionTimeout=60000 watcher=org.kiji.schema.layout.impl.ZooKeeperClient$SessionWatcher@3edbf94f
INFO  [2014-02-03 23:10:35,738] org.apache.zookeeper.ClientCnxn: Opening socket connection to server localhost/127.0.0.1:2181. Will not attempt to authenticate using SASL (unknown error)
INFO  [2014-02-03 23:10:35,738] org.apache.zookeeper.ClientCnxn: Socket connection established to localhost/127.0.0.1:2181, initiating session
INFO  [2014-02-03 23:10:35,739] org.apache.zookeeper.ClientCnxn: Session establishment complete on server localhost/127.0.0.1:2181, sessionid = 0x143f971c5f30113, negotiated timeout = 40000
INFO  [2014-02-03 23:10:35,744] org.apache.zookeeper.ZooKeeper: Session: 0x143f971c5f30113 closed
INFO  [2014-02-03 23:10:35,744] org.apache.zookeeper.ClientCnxn: EventThread shut down
INFO  [2014-02-03 23:10:35,847] org.apache.zookeeper.ZooKeeper: Session: 0x143f971c5f30112 closed
INFO  [2014-02-03 23:10:35,847] org.apache.zookeeper.ClientCnxn: EventThread shut down
INFO  [2014-02-03 23:10:35,847] org.kiji.rest.KijiRESTService: Loading instance kiji://localhost:2181/default/ upon startup.
INFO  [2014-02-03 23:10:35,859] org.apache.zookeeper.ZooKeeper: Initiating client connection, connectString=localhost:2181 sessionTimeout=180000 watcher=hconnection
INFO  [2014-02-03 23:10:35,860] org.apache.zookeeper.ClientCnxn: Opening socket connection to server localhost/127.0.0.1:2181. Will not attempt to authenticate using SASL (unknown error)
INFO  [2014-02-03 23:10:35,860] org.apache.zookeeper.ClientCnxn: Socket connection established to localhost/127.0.0.1:2181, initiating session
INFO  [2014-02-03 23:10:35,861] org.apache.zookeeper.ClientCnxn: Session establishment complete on server localhost/127.0.0.1:2181, sessionid = 0x143f971c5f30114, negotiated timeout = 40000
INFO  [2014-02-03 23:10:35,871] org.apache.zookeeper.ZooKeeper: Initiating client connection, connectString=localhost:2181 sessionTimeout=60000 watcher=org.kiji.schema.layout.impl.ZooKeeperClient$SessionWatcher@41a00fc2
INFO  [2014-02-03 23:10:40,945] org.apache.zookeeper.ClientCnxn: Opening socket connection to server fe80:0:0:0:0:0:0:1%1/fe80:0:0:0:0:0:0:1%1:2181. Will not attempt to authenticate using SASL (unknown error)
INFO  [2014-02-03 23:10:40,946] org.apache.zookeeper.ClientCnxn: Socket connection established to fe80:0:0:0:0:0:0:1%1/fe80:0:0:0:0:0:0:1%1:2181, initiating session
INFO  [2014-02-03 23:10:40,953] org.apache.zookeeper.ClientCnxn: Session establishment complete on server fe80:0:0:0:0:0:0:1%1/fe80:0:0:0:0:0:0:1%1:2181, sessionid = 0x143f971c5f30115, negotiated timeout = 40000
INFO  [2014-02-03 23:10:40,957] org.apache.zookeeper.ZooKeeper: Session: 0x143f971c5f30115 closed
INFO  [2014-02-03 23:10:40,957] org.apache.zookeeper.ClientCnxn: EventThread shut down
INFO  [2014-02-03 23:10:41,059] org.apache.zookeeper.ZooKeeper: Session: 0x143f971c5f30114 closed
INFO  [2014-02-03 23:10:41,059] org.apache.zookeeper.ClientCnxn: EventThread shut down
INFO  [2014-02-03 23:10:41,059] org.kiji.rest.KijiRESTService: Loading instance kiji://localhost:2181/i1/ upon startup.
INFO  [2014-02-03 23:10:41,068] org.apache.zookeeper.ZooKeeper: Initiating client connection, connectString=localhost:2181 sessionTimeout=180000 watcher=hconnection
INFO  [2014-02-03 23:10:46,143] org.apache.zookeeper.ClientCnxn: Opening socket connection to server fe80:0:0:0:0:0:0:1%1/fe80:0:0:0:0:0:0:1%1:2181. Will not attempt to authenticate using SASL (unknown error)
INFO  [2014-02-03 23:10:46,144] org.apache.zookeeper.ClientCnxn: Socket connection established to fe80:0:0:0:0:0:0:1%1/fe80:0:0:0:0:0:0:1%1:2181, initiating session
INFO  [2014-02-03 23:10:46,145] org.apache.zookeeper.ClientCnxn: Session establishment complete on server fe80:0:0:0:0:0:0:1%1/fe80:0:0:0:0:0:0:1%1:2181, sessionid = 0x143f971c5f30116, negotiated timeout = 40000
INFO  [2014-02-03 23:10:46,154] org.apache.zookeeper.ZooKeeper: Initiating client connection, connectString=localhost:2181 sessionTimeout=60000 watcher=org.kiji.schema.layout.impl.ZooKeeperClient$SessionWatcher@1de56319
INFO  [2014-02-03 23:10:51,228] org.apache.zookeeper.ClientCnxn: Opening socket connection to server fe80:0:0:0:0:0:0:1%1/fe80:0:0:0:0:0:0:1%1:2181. Will not attempt to authenticate using SASL (unknown error)
INFO  [2014-02-03 23:10:51,229] org.apache.zookeeper.ClientCnxn: Socket connection established to fe80:0:0:0:0:0:0:1%1/fe80:0:0:0:0:0:0:1%1:2181, initiating session
INFO  [2014-02-03 23:10:51,236] org.apache.zookeeper.ClientCnxn: Session establishment complete on server fe80:0:0:0:0:0:0:1%1/fe80:0:0:0:0:0:0:1%1:2181, sessionid = 0x143f971c5f30117, negotiated timeout = 40000
INFO  [2014-02-03 23:10:51,240] org.apache.zookeeper.ZooKeeper: Session: 0x143f971c5f30117 closed
INFO  [2014-02-03 23:10:51,240] org.apache.zookeeper.ClientCnxn: EventThread shut down
INFO  [2014-02-03 23:10:51,342] org.apache.zookeeper.ZooKeeper: Session: 0x143f971c5f30116 closed
INFO  [2014-02-03 23:10:51,342] org.apache.zookeeper.ClientCnxn: EventThread shut down
INFO  [2014-02-03 23:10:51,342] org.kiji.rest.KijiRESTService: Loading instance kiji://localhost:2181/i1/ upon startup.
INFO  [2014-02-03 23:10:51,353] org.apache.zookeeper.ZooKeeper: Initiating client connection, connectString=localhost:2181 sessionTimeout=180000 watcher=hconnection
INFO  [2014-02-03 23:10:56,428] org.apache.zookeeper.ClientCnxn: Opening socket connection to server fe80:0:0:0:0:0:0:1%1/fe80:0:0:0:0:0:0:1%1:2181. Will not attempt to authenticate using SASL (unknown error)
INFO  [2014-02-03 23:10:56,428] org.apache.zookeeper.ClientCnxn: Socket connection established to fe80:0:0:0:0:0:0:1%1/fe80:0:0:0:0:0:0:1%1:2181, initiating session
INFO  [2014-02-03 23:10:56,435] org.apache.zookeeper.ClientCnxn: Session establishment complete on server fe80:0:0:0:0:0:0:1%1/fe80:0:0:0:0:0:0:1%1:2181, sessionid = 0x143f971c5f30118, negotiated timeout = 40000
INFO  [2014-02-03 23:10:56,445] org.apache.zookeeper.ZooKeeper: Initiating client connection, connectString=localhost:2181 sessionTimeout=60000 watcher=org.kiji.schema.layout.impl.ZooKeeperClient$SessionWatcher@4a0a9822
INFO  [2014-02-03 23:10:56,446] org.apache.zookeeper.ClientCnxn: Opening socket connection to server localhost/0:0:0:0:0:0:0:1:2181. Will not attempt to authenticate using SASL (unknown error)
INFO  [2014-02-03 23:10:56,446] org.apache.zookeeper.ClientCnxn: Socket connection established to localhost/0:0:0:0:0:0:0:1:2181, initiating session
INFO  [2014-02-03 23:10:56,447] org.apache.zookeeper.ClientCnxn: Session establishment complete on server localhost/0:0:0:0:0:0:0:1:2181, sessionid = 0x143f971c5f30119, negotiated timeout = 40000
INFO  [2014-02-03 23:10:56,451] org.apache.zookeeper.ZooKeeper: Session: 0x143f971c5f30119 closed
INFO  [2014-02-03 23:10:56,451] org.apache.zookeeper.ClientCnxn: EventThread shut down
INFO  [2014-02-03 23:10:56,552] org.apache.zookeeper.ZooKeeper: Session: 0x143f971c5f30118 closed
INFO  [2014-02-03 23:10:56,552] org.apache.zookeeper.ClientCnxn: EventThread shut down
INFO  [2014-02-03 23:10:56,552] org.kiji.rest.KijiRESTService: Loading instance kiji://localhost:2181/i1/ upon startup.
INFO  [2014-02-03 23:10:56,561] org.apache.zookeeper.ZooKeeper: Initiating client connection, connectString=localhost:2181 sessionTimeout=180000 watcher=hconnection
INFO  [2014-02-03 23:11:01,636] org.apache.zookeeper.ClientCnxn: Opening socket connection to server fe80:0:0:0:0:0:0:1%1/fe80:0:0:0:0:0:0:1%1:2181. Will not attempt to authenticate using SASL (unknown error)
INFO  [2014-02-03 23:11:01,637] org.apache.zookeeper.ClientCnxn: Socket connection established to fe80:0:0:0:0:0:0:1%1/fe80:0:0:0:0:0:0:1%1:2181, initiating session
INFO  [2014-02-03 23:11:01,644] org.apache.zookeeper.ClientCnxn: Session establishment complete on server fe80:0:0:0:0:0:0:1%1/fe80:0:0:0:0:0:0:1%1:2181, sessionid = 0x143f971c5f3011a, negotiated timeout = 40000
INFO  [2014-02-03 23:11:01,684] org.apache.zookeeper.ZooKeeper: Initiating client connection, connectString=localhost:2181 sessionTimeout=60000 watcher=org.kiji.schema.layout.impl.ZooKeeperClient$SessionWatcher@52eca6a8
INFO  [2014-02-03 23:11:01,685] org.apache.zookeeper.ClientCnxn: Opening socket connection to server localhost/0:0:0:0:0:0:0:1:2181. Will not attempt to authenticate using SASL (unknown error)
INFO  [2014-02-03 23:11:01,685] org.apache.zookeeper.ClientCnxn: Socket connection established to localhost/0:0:0:0:0:0:0:1:2181, initiating session
INFO  [2014-02-03 23:11:01,686] org.apache.zookeeper.ClientCnxn: Session establishment complete on server localhost/0:0:0:0:0:0:0:1:2181, sessionid = 0x143f971c5f3011b, negotiated timeout = 40000
INFO  [2014-02-03 23:11:01,690] org.apache.zookeeper.ClientCnxn: EventThread shut down
INFO  [2014-02-03 23:11:01,690] org.apache.zookeeper.ZooKeeper: Session: 0x143f971c5f3011b closed
INFO  [2014-02-03 23:11:01,792] org.apache.zookeeper.ZooKeeper: Session: 0x143f971c5f3011a closed
INFO  [2014-02-03 23:11:01,792] org.apache.zookeeper.ClientCnxn: EventThread shut down
INFO  [2014-02-03 23:11:01,793] org.kiji.rest.KijiRESTService: Loading instance kiji://localhost:2181/i1/ upon startup.
INFO  [2014-02-03 23:11:01,800] org.apache.zookeeper.ZooKeeper: Initiating client connection, connectString=localhost:2181 sessionTimeout=180000 watcher=hconnection
INFO  [2014-02-03 23:11:01,801] org.apache.zookeeper.ClientCnxn: Opening socket connection to server localhost/127.0.0.1:2181. Will not attempt to authenticate using SASL (unknown error)
INFO  [2014-02-03 23:11:01,801] org.apache.zookeeper.ClientCnxn: Socket connection established to localhost/127.0.0.1:2181, initiating session
INFO  [2014-02-03 23:11:01,802] org.apache.zookeeper.ClientCnxn: Session establishment complete on server localhost/127.0.0.1:2181, sessionid = 0x143f971c5f3011c, negotiated timeout = 40000
INFO  [2014-02-03 23:11:01,812] org.apache.zookeeper.ZooKeeper: Initiating client connection, connectString=localhost:2181 sessionTimeout=60000 watcher=org.kiji.schema.layout.impl.ZooKeeperClient$SessionWatcher@7cfa3f14
INFO  [2014-02-03 23:11:01,812] org.apache.zookeeper.ClientCnxn: Opening socket connection to server localhost/0:0:0:0:0:0:0:1:2181. Will not attempt to authenticate using SASL (unknown error)
INFO  [2014-02-03 23:11:01,813] org.apache.zookeeper.ClientCnxn: Socket connection established to localhost/0:0:0:0:0:0:0:1:2181, initiating session
INFO  [2014-02-03 23:11:01,814] org.apache.zookeeper.ClientCnxn: Session establishment complete on server localhost/0:0:0:0:0:0:0:1:2181, sessionid = 0x143f971c5f3011d, negotiated timeout = 40000
INFO  [2014-02-03 23:11:01,817] org.apache.zookeeper.ZooKeeper: Session: 0x143f971c5f3011d closed
INFO  [2014-02-03 23:11:01,817] org.apache.zookeeper.ClientCnxn: EventThread shut down
INFO  [2014-02-03 23:11:01,919] org.apache.zookeeper.ZooKeeper: Session: 0x143f971c5f3011c closed
INFO  [2014-02-03 23:11:01,919] org.apache.zookeeper.ClientCnxn: EventThread shut down
INFO  [2014-02-03 23:11:01,919] org.kiji.rest.KijiRESTService: Loading instance kiji://localhost:2181/i1/ upon startup.
INFO  [2014-02-03 23:11:01,926] org.apache.zookeeper.ZooKeeper: Initiating client connection, connectString=localhost:2181 sessionTimeout=180000 watcher=hconnection
INFO  [2014-02-03 23:11:01,927] org.apache.zookeeper.ClientCnxn: Opening socket connection to server localhost/127.0.0.1:2181. Will not attempt to authenticate using SASL (unknown error)
INFO  [2014-02-03 23:11:01,928] org.apache.zookeeper.ClientCnxn: Socket connection established to localhost/127.0.0.1:2181, initiating session
INFO  [2014-02-03 23:11:01,929] org.apache.zookeeper.ClientCnxn: Session establishment complete on server localhost/127.0.0.1:2181, sessionid = 0x143f971c5f3011e, negotiated timeout = 40000
INFO  [2014-02-03 23:11:01,938] org.apache.zookeeper.ZooKeeper: Initiating client connection, connectString=localhost:2181 sessionTimeout=60000 watcher=org.kiji.schema.layout.impl.ZooKeeperClient$SessionWatcher@58ff20e8
INFO  [2014-02-03 23:11:01,938] org.apache.zookeeper.ClientCnxn: Opening socket connection to server localhost/0:0:0:0:0:0:0:1:2181. Will not attempt to authenticate using SASL (unknown error)
INFO  [2014-02-03 23:11:01,939] org.apache.zookeeper.ClientCnxn: Socket connection established to localhost/0:0:0:0:0:0:0:1:2181, initiating session
INFO  [2014-02-03 23:11:01,939] org.apache.zookeeper.ClientCnxn: Session establishment complete on server localhost/0:0:0:0:0:0:0:1:2181, sessionid = 0x143f971c5f3011f, negotiated timeout = 40000
INFO  [2014-02-03 23:11:01,943] org.apache.zookeeper.ZooKeeper: Session: 0x143f971c5f3011f closed
INFO  [2014-02-03 23:11:01,943] org.apache.zookeeper.ClientCnxn: EventThread shut down
INFO  [2014-02-03 23:11:02,045] org.apache.zookeeper.ZooKeeper: Session: 0x143f971c5f3011e closed
INFO  [2014-02-03 23:11:02,045] org.apache.zookeeper.ClientCnxn: EventThread shut down
INFO  [2014-02-03 23:11:02,046] org.kiji.rest.KijiRESTService: Loading instance kiji://localhost:2181/i1/ upon startup.
INFO  [2014-02-03 23:11:02,047] org.apache.zookeeper.ZooKeeper: Session: 0x143f971c5f30107 closed
INFO  [2014-02-03 23:11:02,047] org.apache.zookeeper.ClientCnxn: EventThread shut down
INFO  [2014-02-03 23:11:02,051] org.kiji.rest.KijiRESTService: Loading plugin class org.kiji.rest.plugins.StandardKijiRestPlugin
INFO  [2014-02-03 23:11:02,154] com.yammer.dropwizard.cli.ServerCommand: Starting kiji-rest
INFO  [2014-02-03 23:11:02,156] org.eclipse.jetty.server.Server: jetty-8.1.10.v20130312
INFO  [2014-02-03 23:11:02,246] com.sun.jersey.server.impl.application.WebApplicationImpl: Initiating Jersey application, version 'Jersey: 1.17.1 02/28/2013 12:47 PM'
INFO  [2014-02-03 23:11:02,300] com.yammer.dropwizard.config.Environment: The following paths were found for the configured resources:

    GET     /v1 (org.kiji.rest.resources.KijiRESTResource)
    GET     /v1/version (org.kiji.rest.resources.KijiRESTResource)
    GET     /v1/instances (org.kiji.rest.resources.InstancesResource)
    GET     /v1/instances/{instance} (org.kiji.rest.resources.InstanceResource)
    GET     /v1/instances/{instance}/tables/{table} (org.kiji.rest.resources.TableResource)
    GET     /v1/instances/{instance}/tables (org.kiji.rest.resources.TablesResource)
    GET     /v1/instances/{instance}/tables/{table}/rows (org.kiji.rest.resources.RowsResource)
    POST    /v1/instances/{instance}/tables/{table}/rows (org.kiji.rest.resources.RowsResource)

INFO  [2014-02-03 23:11:02,300] com.yammer.dropwizard.config.Environment: tasks = 

    POST    /tasks/gc (com.yammer.dropwizard.tasks.GarbageCollectionTask)
    POST    /tasks/refresh_instances (org.kiji.rest.resources.RefreshInstancesTask)

INFO  [2014-02-03 23:11:02,558] org.apache.zookeeper.ZooKeeper: Initiating client connection, connectString=localhost:2181 sessionTimeout=180000 watcher=hconnection
INFO  [2014-02-03 23:11:07,633] org.apache.zookeeper.ClientCnxn: Opening socket connection to server fe80:0:0:0:0:0:0:1%1/fe80:0:0:0:0:0:0:1%1:2181. Will not attempt to authenticate using SASL (unknown error)
INFO  [2014-02-03 23:11:07,633] org.apache.zookeeper.ClientCnxn: Socket connection established to fe80:0:0:0:0:0:0:1%1/fe80:0:0:0:0:0:0:1%1:2181, initiating session
INFO  [2014-02-03 23:11:07,634] org.apache.zookeeper.ClientCnxn: Session establishment complete on server fe80:0:0:0:0:0:0:1%1/fe80:0:0:0:0:0:0:1%1:2181, sessionid = 0x143f971c5f30120, negotiated timeout = 40000
INFO  [2014-02-03 23:11:07,647] org.apache.zookeeper.ZooKeeper: Initiating client connection, connectString=localhost:2181 sessionTimeout=60000 watcher=org.kiji.schema.layout.impl.ZooKeeperClient$SessionWatcher@5f02e712
INFO  [2014-02-03 23:11:07,648] org.apache.zookeeper.ClientCnxn: Opening socket connection to server localhost/0:0:0:0:0:0:0:1:2181. Will not attempt to authenticate using SASL (unknown error)
INFO  [2014-02-03 23:11:07,648] org.apache.zookeeper.ClientCnxn: Socket connection established to localhost/0:0:0:0:0:0:0:1:2181, initiating session
INFO  [2014-02-03 23:11:07,649] org.apache.zookeeper.ClientCnxn: Session establishment complete on server localhost/0:0:0:0:0:0:0:1:2181, sessionid = 0x143f971c5f30121, negotiated timeout = 40000
INFO  [2014-02-03 23:11:07,827] org.apache.zookeeper.ZooKeeper: Initiating client connection, connectString=localhost:2181 sessionTimeout=60000 watcher=org.kiji.schema.layout.impl.ZooKeeperClient$SessionWatcher@656c90b6
INFO  [2014-02-03 23:11:07,893] org.kiji.schema.layout.impl.ZooKeeperMonitor: Received layout update for table kiji://localhost:2181/default/phonebook/: 0.
INFO  [2014-02-03 23:11:07,893] org.kiji.schema.impl.HBaseKijiTable: Setting initial layout for table kiji://localhost:2181/default/phonebook/ to layout ID 0.
INFO  [2014-02-03 23:11:07,968] org.kiji.schema.layout.impl.ZooKeeperMonitor: Received layout update for table kiji://localhost:2181/default/users/: 0.
INFO  [2014-02-03 23:11:07,968] org.kiji.schema.impl.HBaseKijiTable: Setting initial layout for table kiji://localhost:2181/default/users/ to layout ID 0.
INFO  [2014-02-03 23:11:08,041] org.apache.zookeeper.ZooKeeper: Initiating client connection, connectString=localhost:2181 sessionTimeout=60000 watcher=org.kiji.schema.layout.impl.ZooKeeperClient$SessionWatcher@4e8b32fb
INFO  [2014-02-03 23:11:08,042] org.apache.zookeeper.ClientCnxn: Opening socket connection to server localhost/0:0:0:0:0:0:0:1:2181. Will not attempt to authenticate using SASL (unknown error)
INFO  [2014-02-03 23:11:08,042] org.apache.zookeeper.ClientCnxn: Socket connection established to localhost/0:0:0:0:0:0:0:1:2181, initiating session
INFO  [2014-02-03 23:11:08,043] org.apache.zookeeper.ClientCnxn: Session establishment complete on server localhost/0:0:0:0:0:0:0:1:2181, sessionid = 0x143f971c5f30122, negotiated timeout = 40000
INFO  [2014-02-03 23:11:08,050] org.apache.zookeeper.ZooKeeper: Initiating client connection, connectString=localhost:2181 sessionTimeout=60000 watcher=org.kiji.schema.layout.impl.ZooKeeperClient$SessionWatcher@5e28da27
INFO  [2014-02-03 23:11:08,060] org.kiji.schema.layout.impl.ZooKeeperMonitor: Received layout update for table kiji://localhost:2181/i1/phonebook/: 0.
INFO  [2014-02-03 23:11:08,060] org.kiji.schema.impl.HBaseKijiTable: Setting initial layout for table kiji://localhost:2181/i1/phonebook/ to layout ID 0.
INFO  [2014-02-03 23:11:08,091] org.kiji.schema.layout.impl.ZooKeeperMonitor: Received layout update for table kiji://localhost:2181/i1/users/: 0.
INFO  [2014-02-03 23:11:08,092] org.kiji.schema.impl.HBaseKijiTable: Setting initial layout for table kiji://localhost:2181/i1/users/ to layout ID 0.
INFO  [2014-02-03 23:11:08,121] org.kiji.rest.ManagedKijiClient: Successfully started ManagedKijiClient!
INFO  [2014-02-03 23:11:08,126] org.eclipse.jetty.server.AbstractConnector: Started InstrumentedBlockingChannelConnector@0.0.0.0:8080
INFO  [2014-02-03 23:11:08,127] org.eclipse.jetty.server.AbstractConnector: Started SocketConnector@0.0.0.0:8081
INFO  [2014-02-03 23:11:12,903] org.apache.zookeeper.ClientCnxn: Opening socket connection to server fe80:0:0:0:0:0:0:1%1/fe80:0:0:0:0:0:0:1%1:2181. Will not attempt to authenticate using SASL (unknown error)
INFO  [2014-02-03 23:11:12,903] org.apache.zookeeper.ClientCnxn: Socket connection established to fe80:0:0:0:0:0:0:1%1/fe80:0:0:0:0:0:0:1%1:2181, initiating session
INFO  [2014-02-03 23:11:12,911] org.apache.zookeeper.ClientCnxn: Session establishment complete on server fe80:0:0:0:0:0:0:1%1/fe80:0:0:0:0:0:0:1%1:2181, sessionid = 0x143f971c5f30123, negotiated timeout = 40000
INFO  [2014-02-03 23:11:13,124] org.apache.zookeeper.ClientCnxn: Opening socket connection to server fe80:0:0:0:0:0:0:1%1/fe80:0:0:0:0:0:0:1%1:2181. Will not attempt to authenticate using SASL (unknown error)
INFO  [2014-02-03 23:11:13,124] org.apache.zookeeper.ClientCnxn: Socket connection established to fe80:0:0:0:0:0:0:1%1/fe80:0:0:0:0:0:0:1%1:2181, initiating session
INFO  [2014-02-03 23:11:13,125] org.apache.zookeeper.ClientCnxn: Session establishment complete on server fe80:0:0:0:0:0:0:1%1/fe80:0:0:0:0:0:0:1%1:2181, sessionid = 0x143f971c5f30124, negotiated timeout = 40000
INFO  [2014-02-03 23:11:52,468] org.eclipse.jetty.server.Server: Graceful shutdown SocketConnector@0.0.0.0:8081
INFO  [2014-02-03 23:11:52,469] org.eclipse.jetty.server.Server: Graceful shutdown InstrumentedBlockingChannelConnector@0.0.0.0:8080
INFO  [2014-02-03 23:11:52,469] org.eclipse.jetty.server.Server: Graceful shutdown o.e.j.s.ServletContextHandler{/,null}
INFO  [2014-02-03 23:11:52,469] org.eclipse.jetty.server.Server: Graceful shutdown o.e.j.s.ServletContextHandler{/,file:/Users/dan/dotfiles/bin/}
INFO  [2014-02-03 23:11:54,522] org.eclipse.jetty.server.handler.ContextHandler: stopped o.e.j.s.ServletContextHandler{/,file:/Users/dan/dotfiles/bin/}
INFO  [2014-02-03 23:11:54,523] org.eclipse.jetty.server.handler.ContextHandler: stopped o.e.j.s.ServletContextHandler{/,null}
INFO  [2014-02-03 23:11:54,523] org.kiji.rest.ManagedKijiClient: Stopping ManagedKijiClient...
INFO  [2014-02-03 23:12:42,448] org.apache.zookeeper.ZooKeeper: Client environment:zookeeper.version=3.4.5-cdh4.3.0--1, built on 05/28/2013 01:58 GMT
INFO  [2014-02-03 23:12:42,449] org.apache.zookeeper.ZooKeeper: Client environment:host.name=172.29.3.131
INFO  [2014-02-03 23:12:42,449] org.apache.zookeeper.ZooKeeper: Client environment:java.version=1.7.0_45
INFO  [2014-02-03 23:12:42,449] org.apache.zookeeper.ZooKeeper: Client environment:java.vendor=Oracle Corporation
INFO  [2014-02-03 23:12:42,449] org.apache.zookeeper.ZooKeeper: Client environment:java.home=/Library/Java/JavaVirtualMachines/jdk1.7.0_45.jdk/Contents/Home/jre
INFO  [2014-02-03 23:12:42,449] org.apache.zookeeper.ZooKeeper: Client environment:java.class.path=/Users/dan/wibi/bento/rest/lib/activation-1.1.jar:/Users/dan/wibi/bento/rest/lib/annotations-1.0.0.jar:/Users/dan/wibi/bento/rest/lib/argparse4j-0.4.0.jar:/Users/dan/wibi/bento/rest/lib/asm-3.1.jar:/Users/dan/wibi/bento/rest/lib/avro-1.7.5.jar:/Users/dan/wibi/bento/rest/lib/avro-ipc-1.7.5-tests.jar:/Users/dan/wibi/bento/rest/lib/avro-ipc-1.7.5.jar:/Users/dan/wibi/bento/rest/lib/avro-mapred-1.7.5.jar:/Users/dan/wibi/bento/rest/lib/commons-beanutils-1.7.0.jar:/Users/dan/wibi/bento/rest/lib/commons-beanutils-core-1.8.0.jar:/Users/dan/wibi/bento/rest/lib/commons-cli-1.2.jar:/Users/dan/wibi/bento/rest/lib/commons-codec-1.6.jar:/Users/dan/wibi/bento/rest/lib/commons-collections-3.2.1.jar:/Users/dan/wibi/bento/rest/lib/commons-compress-1.4.1.jar:/Users/dan/wibi/bento/rest/lib/commons-configuration-1.6.jar:/Users/dan/wibi/bento/rest/lib/commons-digester-1.8.jar:/Users/dan/wibi/bento/rest/lib/commons-el-1.0.jar:/Users/dan/wibi/bento/rest/lib/commons-httpclient-3.1.jar:/Users/dan/wibi/bento/rest/lib/commons-io-2.1.jar:/Users/dan/wibi/bento/rest/lib/commons-lang-2.6.jar:/Users/dan/wibi/bento/rest/lib/commons-logging-1.1.1.jar:/Users/dan/wibi/bento/rest/lib/commons-math-2.1.jar:/Users/dan/wibi/bento/rest/lib/commons-net-3.1.jar:/Users/dan/wibi/bento/rest/lib/commons-pool-1.6.jar:/Users/dan/wibi/bento/rest/lib/core-3.1.1.jar:/Users/dan/wibi/bento/rest/lib/dropwizard-core-0.6.2.jar:/Users/dan/wibi/bento/rest/lib/gson-2.2.2.jar:/Users/dan/wibi/bento/rest/lib/guava-14.0.1.jar:/Users/dan/wibi/bento/rest/lib/hadoop-annotations-2.0.0-cdh4.3.0.jar:/Users/dan/wibi/bento/rest/lib/hadoop-auth-2.0.0-cdh4.3.0.jar:/Users/dan/wibi/bento/rest/lib/hadoop-client-2.0.0-mr1-cdh4.3.0.jar:/Users/dan/wibi/bento/rest/lib/hadoop-common-2.0.0-cdh4.3.0.jar:/Users/dan/wibi/bento/rest/lib/hadoop-configurator-1.0.2.jar:/Users/dan/wibi/bento/rest/lib/hadoop-core-2.0.0-mr1-cdh4.3.0.jar:/Users/dan/wibi/bento/rest/lib/hadoop-hdfs-2.0.0-cdh4.3.0.jar:/Users/dan/wibi/bento/rest/lib/hbase-0.94.6-cdh4.3.0.jar:/Users/dan/wibi/bento/rest/lib/hibernate-validator-4.3.1.Final.jar:/Users/dan/wibi/bento/rest/lib/high-scale-lib-1.1.1.jar:/Users/dan/wibi/bento/rest/lib/hsqldb-1.8.0.10.jar:/Users/dan/wibi/bento/rest/lib/httpclient-4.2.3.jar:/Users/dan/wibi/bento/rest/lib/httpcore-4.1.3.jar:/Users/dan/wibi/bento/rest/lib/jackson-annotations-2.1.4.jar:/Users/dan/wibi/bento/rest/lib/jackson-core-2.1.4.jar:/Users/dan/wibi/bento/rest/lib/jackson-core-asl-1.8.8.jar:/Users/dan/wibi/bento/rest/lib/jackson-databind-2.1.4.jar:/Users/dan/wibi/bento/rest/lib/jackson-dataformat-yaml-2.1.4.jar:/Users/dan/wibi/bento/rest/lib/jackson-datatype-guava-2.1.2.jar:/Users/dan/wibi/bento/rest/lib/jackson-datatype-joda-2.1.2.jar:/Users/dan/wibi/bento/rest/lib/jackson-jaxrs-1.8.8.jar:/Users/dan/wibi/bento/rest/lib/jackson-jaxrs-json-provider-2.1.4.jar:/Users/dan/wibi/bento/rest/lib/jackson-mapper-asl-1.8.8.jar:/Users/dan/wibi/bento/rest/lib/jackson-module-jaxb-annotations-2.1.4.jar:/Users/dan/wibi/bento/rest/lib/jackson-xc-1.8.8.jar:/Users/dan/wibi/bento/rest/lib/jamon-runtime-2.3.1.jar:/Users/dan/wibi/bento/rest/lib/jasper-compiler-5.5.23.jar:/Users/dan/wibi/bento/rest/lib/jasper-runtime-5.5.23.jar:/Users/dan/wibi/bento/rest/lib/javax.servlet-3.0.0.v201112011016.jar:/Users/dan/wibi/bento/rest/lib/jaxb-api-2.1.jar:/Users/dan/wibi/bento/rest/lib/jaxb-impl-2.2.3-1.jar:/Users/dan/wibi/bento/rest/lib/jboss-logging-3.1.0.CR2.jar:/Users/dan/wibi/bento/rest/lib/jersey-core-1.17.1.jar:/Users/dan/wibi/bento/rest/lib/jersey-json-1.8.jar:/Users/dan/wibi/bento/rest/lib/jersey-server-1.17.1.jar:/Users/dan/wibi/bento/rest/lib/jersey-servlet-1.17.1.jar:/Users/dan/wibi/bento/rest/lib/jets3t-0.6.1.jar:/Users/dan/wibi/bento/rest/lib/jettison-1.1.jar:/Users/dan/wibi/bento/rest/lib/jetty-6.1.26.cloudera.2.jar:/Users/dan/wibi/bento/rest/lib/jetty-client-8.1.10.v20130312.jar:/Users/dan/wibi/bento/rest/lib/jetty-continuation-8.1.10.v20130312.jar:/Users/dan/wibi/bento/rest/lib/jetty-http-8.1.10.v20130312.jar:/Users/dan/wibi/bento/rest/lib/jetty-io-8.1.10.v20130312.jar:/Users/dan/wibi/bento/rest/lib/jetty-security-8.1.10.v20130312.jar:/Users/dan/wibi/bento/rest/lib/jetty-server-8.1.10.v20130312.jar:/Users/dan/wibi/bento/rest/lib/jetty-servlet-8.1.10.v20130312.jar:/Users/dan/wibi/bento/rest/lib/jetty-servlets-8.1.10.v20130312.jar:/Users/dan/wibi/bento/rest/lib/jetty-util-6.1.26.cloudera.2.jar:/Users/dan/wibi/bento/rest/lib/jetty-util-8.1.10.v20130312.jar:/Users/dan/wibi/bento/rest/lib/jline-0.9.94.jar:/Users/dan/wibi/bento/rest/lib/joda-time-2.2.jar:/Users/dan/wibi/bento/rest/lib/jsch-0.1.42.jar:/Users/dan/wibi/bento/rest/lib/jsp-2.1-6.1.14.jar:/Users/dan/wibi/bento/rest/lib/jsp-api-2.1-6.1.14.jar:/Users/dan/wibi/bento/rest/lib/jsr305-1.3.9.jar:/Users/dan/wibi/bento/rest/lib/jul-to-slf4j-1.7.4.jar:/Users/dan/wibi/bento/rest/lib/kiji-avro-1.1.2-cdh4.jar:/Users/dan/wibi/bento/rest/lib/kiji-checkin-1.0.4.jar:/Users/dan/wibi/bento/rest/lib/kiji-common-flags-1.0.7.jar:/Users/dan/wibi/bento/rest/lib/kiji-delegation-1.0.0.jar:/Users/dan/wibi/bento/rest/lib/kiji-mapreduce-1.2.4.jar:/Users/dan/wibi/bento/rest/lib/kiji-mapreduce-cdh4mr1-bridge-1.2.4.jar:/Users/dan/wibi/bento/rest/lib/kiji-mapreduce-hadoop1-bridge-1.2.4.jar:/Users/dan/wibi/bento/rest/lib/kiji-mapreduce-platform-api-1.2.4.jar:/Users/dan/wibi/bento/rest/lib/kiji-rest-1.2.2-SNAPSHOT.jar:/Users/dan/wibi/bento/rest/lib/kiji-schema-1.3.6.jar:/Users/dan/wibi/bento/rest/lib/kiji-schema-cdh41mr1-bridge-1.3.6.jar:/Users/dan/wibi/bento/rest/lib/kiji-schema-cdh42mr1-bridge-1.3.6.jar:/Users/dan/wibi/bento/rest/lib/kiji-schema-hadoop1-hbase92-bridge-1.3.6.jar:/Users/dan/wibi/bento/rest/lib/kiji-schema-hadoop1-hbase94-bridge-1.3.6.jar:/Users/dan/wibi/bento/rest/lib/kiji-schema-platform-api-1.3.6.jar:/Users/dan/wibi/bento/rest/lib/kiji-scoring-0.11.0.jar:/Users/dan/wibi/bento/rest/lib/libthrift-0.9.0.jar:/Users/dan/wibi/bento/rest/lib/log4j-1.2.16.jar:/Users/dan/wibi/bento/rest/lib/log4j-over-slf4j-1.7.4.jar:/Users/dan/wibi/bento/rest/lib/logback-classic-1.0.10.jar:/Users/dan/wibi/bento/rest/lib/logback-core-1.0.10.jar:/Users/dan/wibi/bento/rest/lib/metrics-annotation-2.2.0.jar:/Users/dan/wibi/bento/rest/lib/metrics-core-2.2.0.jar:/Users/dan/wibi/bento/rest/lib/metrics-jersey-2.2.0.jar:/Users/dan/wibi/bento/rest/lib/metrics-jetty-2.2.0.jar:/Users/dan/wibi/bento/rest/lib/metrics-logback-2.2.0.jar:/Users/dan/wibi/bento/rest/lib/metrics-servlet-2.2.0.jar:/Users/dan/wibi/bento/rest/lib/mockito-all-1.9.5.jar:/Users/dan/wibi/bento/rest/lib/mrunit-0.9.0-incubating-hadoop2.jar:/Users/dan/wibi/bento/rest/lib/netty-3.4.0.Final.jar:/Users/dan/wibi/bento/rest/lib/paranamer-2.3.jar:/Users/dan/wibi/bento/rest/lib/protobuf-java-2.4.0a.jar:/Users/dan/wibi/bento/rest/lib/slf4j-api-1.7.2.jar:/Users/dan/wibi/bento/rest/lib/snappy-java-1.0.5.jar:/Users/dan/wibi/bento/rest/lib/stax-api-1.0.1.jar:/Users/dan/wibi/bento/rest/lib/validation-api-1.0.0.GA.jar:/Users/dan/wibi/bento/rest/lib/velocity-1.7.jar:/Users/dan/wibi/bento/rest/lib/xmlenc-0.52.jar:/Users/dan/wibi/bento/rest/lib/xz-1.0.jar:/Users/dan/wibi/bento/rest/lib/zookeeper-3.4.5-cdh4.3.0.jar::/Users/dan/wibi/bento/rest/conf
INFO  [2014-02-03 23:12:42,450] org.apache.zookeeper.ZooKeeper: Client environment:java.library.path=/Users/dan/Library/Java/Extensions:/Library/Java/Extensions:/Network/Library/Java/Extensions:/System/Library/Java/Extensions:/usr/lib/java:.
INFO  [2014-02-03 23:12:42,450] org.apache.zookeeper.ZooKeeper: Client environment:java.io.tmpdir=/var/folders/vq/6qt3jdrn1kj5rczsx63rg0vc0000gp/T/
INFO  [2014-02-03 23:12:42,450] org.apache.zookeeper.ZooKeeper: Client environment:java.compiler=<NA>
INFO  [2014-02-03 23:12:42,450] org.apache.zookeeper.ZooKeeper: Client environment:os.name=Mac OS X
INFO  [2014-02-03 23:12:42,450] org.apache.zookeeper.ZooKeeper: Client environment:os.arch=x86_64
INFO  [2014-02-03 23:12:42,450] org.apache.zookeeper.ZooKeeper: Client environment:os.version=10.9.1
INFO  [2014-02-03 23:12:42,450] org.apache.zookeeper.ZooKeeper: Client environment:user.name=dan
INFO  [2014-02-03 23:12:42,450] org.apache.zookeeper.ZooKeeper: Client environment:user.home=/Users/dan
INFO  [2014-02-03 23:12:42,450] org.apache.zookeeper.ZooKeeper: Client environment:user.dir=/Users/dan/dotfiles/bin
INFO  [2014-02-03 23:12:42,450] org.apache.zookeeper.ZooKeeper: Initiating client connection, connectString=localhost:2181 sessionTimeout=180000 watcher=hconnection
INFO  [2014-02-03 23:12:42,467] org.apache.zookeeper.ClientCnxn: Opening socket connection to server localhost/0:0:0:0:0:0:0:1:2181. Will not attempt to authenticate using SASL (unknown error)
INFO  [2014-02-03 23:12:42,475] org.apache.zookeeper.ClientCnxn: Socket connection established to localhost/0:0:0:0:0:0:0:1:2181, initiating session
INFO  [2014-02-03 23:12:42,488] org.apache.zookeeper.ClientCnxn: Session establishment complete on server localhost/0:0:0:0:0:0:0:1:2181, sessionid = 0x143f971c5f3012d, negotiated timeout = 40000
INFO  [2014-02-03 23:12:42,744] org.apache.zookeeper.ZooKeeper: Initiating client connection, connectString=localhost:2181 sessionTimeout=180000 watcher=hconnection
INFO  [2014-02-03 23:12:42,745] org.apache.zookeeper.ClientCnxn: Opening socket connection to server localhost/0:0:0:0:0:0:0:1:2181. Will not attempt to authenticate using SASL (unknown error)
INFO  [2014-02-03 23:12:42,746] org.apache.zookeeper.ClientCnxn: Socket connection established to localhost/0:0:0:0:0:0:0:1:2181, initiating session
INFO  [2014-02-03 23:12:42,747] org.apache.zookeeper.ClientCnxn: Session establishment complete on server localhost/0:0:0:0:0:0:0:1:2181, sessionid = 0x143f971c5f3012e, negotiated timeout = 40000
INFO  [2014-02-03 23:12:42,792] org.apache.zookeeper.ZooKeeper: Initiating client connection, connectString=localhost:2181 sessionTimeout=60000 watcher=org.kiji.schema.layout.impl.ZooKeeperClient$SessionWatcher@5daf8758
INFO  [2014-02-03 23:12:42,793] org.apache.zookeeper.ClientCnxn: Opening socket connection to server localhost/0:0:0:0:0:0:0:1:2181. Will not attempt to authenticate using SASL (unknown error)
INFO  [2014-02-03 23:12:42,793] org.apache.zookeeper.ClientCnxn: Socket connection established to localhost/0:0:0:0:0:0:0:1:2181, initiating session
INFO  [2014-02-03 23:12:42,794] org.apache.zookeeper.ClientCnxn: Session establishment complete on server localhost/0:0:0:0:0:0:0:1:2181, sessionid = 0x143f971c5f3012f, negotiated timeout = 40000
INFO  [2014-02-03 23:12:42,802] org.apache.zookeeper.ZooKeeper: Session: 0x143f971c5f3012f closed
INFO  [2014-02-03 23:12:42,802] org.apache.zookeeper.ClientCnxn: EventThread shut down
INFO  [2014-02-03 23:12:42,905] org.apache.zookeeper.ZooKeeper: Session: 0x143f971c5f3012e closed
INFO  [2014-02-03 23:12:42,905] org.apache.zookeeper.ClientCnxn: EventThread shut down
INFO  [2014-02-03 23:12:42,905] org.kiji.rest.KijiRESTService: Loading instance kiji://localhost:2181/default/ upon startup.
INFO  [2014-02-03 23:12:42,918] org.apache.zookeeper.ZooKeeper: Initiating client connection, connectString=localhost:2181 sessionTimeout=180000 watcher=hconnection
INFO  [2014-02-03 23:12:42,919] org.apache.zookeeper.ClientCnxn: Opening socket connection to server localhost/0:0:0:0:0:0:0:1:2181. Will not attempt to authenticate using SASL (unknown error)
INFO  [2014-02-03 23:12:42,919] org.apache.zookeeper.ClientCnxn: Socket connection established to localhost/0:0:0:0:0:0:0:1:2181, initiating session
INFO  [2014-02-03 23:12:42,920] org.apache.zookeeper.ClientCnxn: Session establishment complete on server localhost/0:0:0:0:0:0:0:1:2181, sessionid = 0x143f971c5f30130, negotiated timeout = 40000
INFO  [2014-02-03 23:12:42,931] org.apache.zookeeper.ZooKeeper: Initiating client connection, connectString=localhost:2181 sessionTimeout=60000 watcher=org.kiji.schema.layout.impl.ZooKeeperClient$SessionWatcher@45f3d761
INFO  [2014-02-03 23:12:47,932] org.apache.zookeeper.ClientCnxn: Opening socket connection to server fe80:0:0:0:0:0:0:1%1/fe80:0:0:0:0:0:0:1%1:2181. Will not attempt to authenticate using SASL (unknown error)
INFO  [2014-02-03 23:12:47,932] org.apache.zookeeper.ClientCnxn: Socket connection established to fe80:0:0:0:0:0:0:1%1/fe80:0:0:0:0:0:0:1%1:2181, initiating session
INFO  [2014-02-03 23:12:47,939] org.apache.zookeeper.ClientCnxn: Session establishment complete on server fe80:0:0:0:0:0:0:1%1/fe80:0:0:0:0:0:0:1%1:2181, sessionid = 0x143f971c5f30131, negotiated timeout = 40000
INFO  [2014-02-03 23:12:47,943] org.apache.zookeeper.ZooKeeper: Session: 0x143f971c5f30131 closed
INFO  [2014-02-03 23:12:47,943] org.apache.zookeeper.ClientCnxn: EventThread shut down
INFO  [2014-02-03 23:12:48,045] org.apache.zookeeper.ZooKeeper: Session: 0x143f971c5f30130 closed
INFO  [2014-02-03 23:12:48,045] org.apache.zookeeper.ClientCnxn: EventThread shut down
INFO  [2014-02-03 23:12:48,046] org.kiji.rest.KijiRESTService: Loading instance kiji://localhost:2181/default/ upon startup.
INFO  [2014-02-03 23:12:48,055] org.apache.zookeeper.ZooKeeper: Initiating client connection, connectString=localhost:2181 sessionTimeout=180000 watcher=hconnection
INFO  [2014-02-03 23:12:48,056] org.apache.zookeeper.ClientCnxn: Opening socket connection to server localhost/0:0:0:0:0:0:0:1:2181. Will not attempt to authenticate using SASL (unknown error)
INFO  [2014-02-03 23:12:48,057] org.apache.zookeeper.ClientCnxn: Socket connection established to localhost/0:0:0:0:0:0:0:1:2181, initiating session
INFO  [2014-02-03 23:12:48,058] org.apache.zookeeper.ClientCnxn: Session establishment complete on server localhost/0:0:0:0:0:0:0:1:2181, sessionid = 0x143f971c5f30132, negotiated timeout = 40000
INFO  [2014-02-03 23:12:48,069] org.apache.zookeeper.ZooKeeper: Initiating client connection, connectString=localhost:2181 sessionTimeout=60000 watcher=org.kiji.schema.layout.impl.ZooKeeperClient$SessionWatcher@197c4cbd
INFO  [2014-02-03 23:12:48,069] org.apache.zookeeper.ClientCnxn: Opening socket connection to server localhost/0:0:0:0:0:0:0:1:2181. Will not attempt to authenticate using SASL (unknown error)
INFO  [2014-02-03 23:12:48,070] org.apache.zookeeper.ClientCnxn: Socket connection established to localhost/0:0:0:0:0:0:0:1:2181, initiating session
INFO  [2014-02-03 23:12:48,071] org.apache.zookeeper.ClientCnxn: Session establishment complete on server localhost/0:0:0:0:0:0:0:1:2181, sessionid = 0x143f971c5f30133, negotiated timeout = 40000
INFO  [2014-02-03 23:12:48,074] org.apache.zookeeper.ZooKeeper: Session: 0x143f971c5f30133 closed
INFO  [2014-02-03 23:12:48,074] org.apache.zookeeper.ClientCnxn: EventThread shut down
INFO  [2014-02-03 23:12:48,176] org.apache.zookeeper.ZooKeeper: Session: 0x143f971c5f30132 closed
INFO  [2014-02-03 23:12:48,176] org.apache.zookeeper.ClientCnxn: EventThread shut down
INFO  [2014-02-03 23:12:48,176] org.kiji.rest.KijiRESTService: Loading instance kiji://localhost:2181/default/ upon startup.
INFO  [2014-02-03 23:12:48,186] org.apache.zookeeper.ZooKeeper: Initiating client connection, connectString=localhost:2181 sessionTimeout=180000 watcher=hconnection
INFO  [2014-02-03 23:12:48,187] org.apache.zookeeper.ClientCnxn: Opening socket connection to server localhost/0:0:0:0:0:0:0:1:2181. Will not attempt to authenticate using SASL (unknown error)
INFO  [2014-02-03 23:12:48,187] org.apache.zookeeper.ClientCnxn: Socket connection established to localhost/0:0:0:0:0:0:0:1:2181, initiating session
INFO  [2014-02-03 23:12:48,188] org.apache.zookeeper.ClientCnxn: Session establishment complete on server localhost/0:0:0:0:0:0:0:1:2181, sessionid = 0x143f971c5f30134, negotiated timeout = 40000
INFO  [2014-02-03 23:12:48,200] org.apache.zookeeper.ZooKeeper: Initiating client connection, connectString=localhost:2181 sessionTimeout=60000 watcher=org.kiji.schema.layout.impl.ZooKeeperClient$SessionWatcher@25406d8e
INFO  [2014-02-03 23:12:53,275] org.apache.zookeeper.ClientCnxn: Opening socket connection to server fe80:0:0:0:0:0:0:1%1/fe80:0:0:0:0:0:0:1%1:2181. Will not attempt to authenticate using SASL (unknown error)
INFO  [2014-02-03 23:12:53,275] org.apache.zookeeper.ClientCnxn: Socket connection established to fe80:0:0:0:0:0:0:1%1/fe80:0:0:0:0:0:0:1%1:2181, initiating session
INFO  [2014-02-03 23:12:53,283] org.apache.zookeeper.ClientCnxn: Session establishment complete on server fe80:0:0:0:0:0:0:1%1/fe80:0:0:0:0:0:0:1%1:2181, sessionid = 0x143f971c5f30135, negotiated timeout = 40000
INFO  [2014-02-03 23:12:53,288] org.apache.zookeeper.ZooKeeper: Session: 0x143f971c5f30135 closed
INFO  [2014-02-03 23:12:53,288] org.apache.zookeeper.ClientCnxn: EventThread shut down
INFO  [2014-02-03 23:12:53,390] org.apache.zookeeper.ZooKeeper: Session: 0x143f971c5f30134 closed
INFO  [2014-02-03 23:12:53,390] org.apache.zookeeper.ClientCnxn: EventThread shut down
INFO  [2014-02-03 23:12:53,390] org.kiji.rest.KijiRESTService: Loading instance kiji://localhost:2181/default/ upon startup.
INFO  [2014-02-03 23:12:53,401] org.apache.zookeeper.ZooKeeper: Initiating client connection, connectString=localhost:2181 sessionTimeout=180000 watcher=hconnection
INFO  [2014-02-03 23:12:58,473] org.apache.zookeeper.ClientCnxn: Opening socket connection to server fe80:0:0:0:0:0:0:1%1/fe80:0:0:0:0:0:0:1%1:2181. Will not attempt to authenticate using SASL (unknown error)
INFO  [2014-02-03 23:12:58,474] org.apache.zookeeper.ClientCnxn: Socket connection established to fe80:0:0:0:0:0:0:1%1/fe80:0:0:0:0:0:0:1%1:2181, initiating session
INFO  [2014-02-03 23:12:58,475] org.apache.zookeeper.ClientCnxn: Session establishment complete on server fe80:0:0:0:0:0:0:1%1/fe80:0:0:0:0:0:0:1%1:2181, sessionid = 0x143f971c5f30136, negotiated timeout = 40000
INFO  [2014-02-03 23:12:58,490] org.apache.zookeeper.ZooKeeper: Initiating client connection, connectString=localhost:2181 sessionTimeout=60000 watcher=org.kiji.schema.layout.impl.ZooKeeperClient$SessionWatcher@4ae546eb
INFO  [2014-02-03 23:13:03,561] org.apache.zookeeper.ClientCnxn: Opening socket connection to server fe80:0:0:0:0:0:0:1%1/fe80:0:0:0:0:0:0:1%1:2181. Will not attempt to authenticate using SASL (unknown error)
INFO  [2014-02-03 23:13:03,562] org.apache.zookeeper.ClientCnxn: Socket connection established to fe80:0:0:0:0:0:0:1%1/fe80:0:0:0:0:0:0:1%1:2181, initiating session
INFO  [2014-02-03 23:13:03,569] org.apache.zookeeper.ClientCnxn: Session establishment complete on server fe80:0:0:0:0:0:0:1%1/fe80:0:0:0:0:0:0:1%1:2181, sessionid = 0x143f971c5f30137, negotiated timeout = 40000
INFO  [2014-02-03 23:13:03,573] org.apache.zookeeper.ZooKeeper: Session: 0x143f971c5f30137 closed
INFO  [2014-02-03 23:13:03,573] org.apache.zookeeper.ClientCnxn: EventThread shut down
INFO  [2014-02-03 23:13:03,675] org.apache.zookeeper.ZooKeeper: Session: 0x143f971c5f30136 closed
INFO  [2014-02-03 23:13:03,675] org.apache.zookeeper.ClientCnxn: EventThread shut down
INFO  [2014-02-03 23:13:03,675] org.kiji.rest.KijiRESTService: Loading instance kiji://localhost:2181/default/ upon startup.
INFO  [2014-02-03 23:13:03,685] org.apache.zookeeper.ZooKeeper: Initiating client connection, connectString=localhost:2181 sessionTimeout=180000 watcher=hconnection
INFO  [2014-02-03 23:13:03,686] org.apache.zookeeper.ClientCnxn: Opening socket connection to server localhost/127.0.0.1:2181. Will not attempt to authenticate using SASL (unknown error)
INFO  [2014-02-03 23:13:03,687] org.apache.zookeeper.ClientCnxn: Socket connection established to localhost/127.0.0.1:2181, initiating session
INFO  [2014-02-03 23:13:03,688] org.apache.zookeeper.ClientCnxn: Session establishment complete on server localhost/127.0.0.1:2181, sessionid = 0x143f971c5f30138, negotiated timeout = 40000
INFO  [2014-02-03 23:13:03,705] org.apache.zookeeper.ZooKeeper: Initiating client connection, connectString=localhost:2181 sessionTimeout=60000 watcher=org.kiji.schema.layout.impl.ZooKeeperClient$SessionWatcher@6d935671
INFO  [2014-02-03 23:13:08,759] org.apache.zookeeper.ClientCnxn: Opening socket connection to server fe80:0:0:0:0:0:0:1%1/fe80:0:0:0:0:0:0:1%1:2181. Will not attempt to authenticate using SASL (unknown error)
INFO  [2014-02-03 23:13:08,760] org.apache.zookeeper.ClientCnxn: Socket connection established to fe80:0:0:0:0:0:0:1%1/fe80:0:0:0:0:0:0:1%1:2181, initiating session
INFO  [2014-02-03 23:13:08,767] org.apache.zookeeper.ClientCnxn: Session establishment complete on server fe80:0:0:0:0:0:0:1%1/fe80:0:0:0:0:0:0:1%1:2181, sessionid = 0x143f971c5f30139, negotiated timeout = 40000
INFO  [2014-02-03 23:13:08,771] org.apache.zookeeper.ZooKeeper: Session: 0x143f971c5f30139 closed
INFO  [2014-02-03 23:13:08,771] org.apache.zookeeper.ClientCnxn: EventThread shut down
INFO  [2014-02-03 23:13:08,873] org.apache.zookeeper.ZooKeeper: Session: 0x143f971c5f30138 closed
INFO  [2014-02-03 23:13:08,873] org.apache.zookeeper.ClientCnxn: EventThread shut down
INFO  [2014-02-03 23:13:08,873] org.kiji.rest.KijiRESTService: Loading instance kiji://localhost:2181/default/ upon startup.
INFO  [2014-02-03 23:13:08,882] org.apache.zookeeper.ZooKeeper: Initiating client connection, connectString=localhost:2181 sessionTimeout=180000 watcher=hconnection
INFO  [2014-02-03 23:13:08,883] org.apache.zookeeper.ClientCnxn: Opening socket connection to server localhost/0:0:0:0:0:0:0:1:2181. Will not attempt to authenticate using SASL (unknown error)
INFO  [2014-02-03 23:13:08,883] org.apache.zookeeper.ClientCnxn: Socket connection established to localhost/0:0:0:0:0:0:0:1:2181, initiating session
INFO  [2014-02-03 23:13:08,884] org.apache.zookeeper.ClientCnxn: Session establishment complete on server localhost/0:0:0:0:0:0:0:1:2181, sessionid = 0x143f971c5f3013a, negotiated timeout = 40000
INFO  [2014-02-03 23:13:08,927] org.apache.zookeeper.ZooKeeper: Initiating client connection, connectString=localhost:2181 sessionTimeout=60000 watcher=org.kiji.schema.layout.impl.ZooKeeperClient$SessionWatcher@5905282d
INFO  [2014-02-03 23:13:08,928] org.apache.zookeeper.ClientCnxn: Opening socket connection to server localhost/127.0.0.1:2181. Will not attempt to authenticate using SASL (unknown error)
INFO  [2014-02-03 23:13:08,928] org.apache.zookeeper.ClientCnxn: Socket connection established to localhost/127.0.0.1:2181, initiating session
INFO  [2014-02-03 23:13:08,930] org.apache.zookeeper.ClientCnxn: Session establishment complete on server localhost/127.0.0.1:2181, sessionid = 0x143f971c5f3013b, negotiated timeout = 40000
INFO  [2014-02-03 23:13:08,934] org.apache.zookeeper.ZooKeeper: Session: 0x143f971c5f3013b closed
INFO  [2014-02-03 23:13:08,934] org.apache.zookeeper.ClientCnxn: EventThread shut down
INFO  [2014-02-03 23:13:09,036] org.apache.zookeeper.ZooKeeper: Session: 0x143f971c5f3013a closed
INFO  [2014-02-03 23:13:09,036] org.apache.zookeeper.ClientCnxn: EventThread shut down
INFO  [2014-02-03 23:13:09,036] org.kiji.rest.KijiRESTService: Loading instance kiji://localhost:2181/i1/ upon startup.
INFO  [2014-02-03 23:13:09,045] org.apache.zookeeper.ZooKeeper: Initiating client connection, connectString=localhost:2181 sessionTimeout=180000 watcher=hconnection
INFO  [2014-02-03 23:13:14,047] org.apache.zookeeper.ClientCnxn: Opening socket connection to server fe80:0:0:0:0:0:0:1%1/fe80:0:0:0:0:0:0:1%1:2181. Will not attempt to authenticate using SASL (unknown error)
INFO  [2014-02-03 23:13:14,047] org.apache.zookeeper.ClientCnxn: Socket connection established to fe80:0:0:0:0:0:0:1%1/fe80:0:0:0:0:0:0:1%1:2181, initiating session
INFO  [2014-02-03 23:13:14,054] org.apache.zookeeper.ClientCnxn: Session establishment complete on server fe80:0:0:0:0:0:0:1%1/fe80:0:0:0:0:0:0:1%1:2181, sessionid = 0x143f971c5f3013c, negotiated timeout = 40000
INFO  [2014-02-03 23:13:14,065] org.apache.zookeeper.ZooKeeper: Initiating client connection, connectString=localhost:2181 sessionTimeout=60000 watcher=org.kiji.schema.layout.impl.ZooKeeperClient$SessionWatcher@77c58801
INFO  [2014-02-03 23:13:14,067] org.apache.zookeeper.ClientCnxn: Opening socket connection to server localhost/127.0.0.1:2181. Will not attempt to authenticate using SASL (unknown error)
INFO  [2014-02-03 23:13:14,067] org.apache.zookeeper.ClientCnxn: Socket connection established to localhost/127.0.0.1:2181, initiating session
INFO  [2014-02-03 23:13:14,068] org.apache.zookeeper.ClientCnxn: Session establishment complete on server localhost/127.0.0.1:2181, sessionid = 0x143f971c5f3013d, negotiated timeout = 40000
INFO  [2014-02-03 23:13:14,073] org.apache.zookeeper.ZooKeeper: Session: 0x143f971c5f3013d closed
INFO  [2014-02-03 23:13:14,073] org.apache.zookeeper.ClientCnxn: EventThread shut down
INFO  [2014-02-03 23:13:14,175] org.apache.zookeeper.ZooKeeper: Session: 0x143f971c5f3013c closed
INFO  [2014-02-03 23:13:14,175] org.apache.zookeeper.ClientCnxn: EventThread shut down
INFO  [2014-02-03 23:13:14,175] org.kiji.rest.KijiRESTService: Loading instance kiji://localhost:2181/i1/ upon startup.
INFO  [2014-02-03 23:13:14,185] org.apache.zookeeper.ZooKeeper: Initiating client connection, connectString=localhost:2181 sessionTimeout=180000 watcher=hconnection
INFO  [2014-02-03 23:13:14,186] org.apache.zookeeper.ClientCnxn: Opening socket connection to server localhost/0:0:0:0:0:0:0:1:2181. Will not attempt to authenticate using SASL (unknown error)
INFO  [2014-02-03 23:13:14,186] org.apache.zookeeper.ClientCnxn: Socket connection established to localhost/0:0:0:0:0:0:0:1:2181, initiating session
INFO  [2014-02-03 23:13:14,187] org.apache.zookeeper.ClientCnxn: Session establishment complete on server localhost/0:0:0:0:0:0:0:1:2181, sessionid = 0x143f971c5f3013e, negotiated timeout = 40000
INFO  [2014-02-03 23:13:14,198] org.apache.zookeeper.ZooKeeper: Initiating client connection, connectString=localhost:2181 sessionTimeout=60000 watcher=org.kiji.schema.layout.impl.ZooKeeperClient$SessionWatcher@6087eab8
INFO  [2014-02-03 23:13:14,199] org.apache.zookeeper.ClientCnxn: Opening socket connection to server localhost/127.0.0.1:2181. Will not attempt to authenticate using SASL (unknown error)
INFO  [2014-02-03 23:13:14,199] org.apache.zookeeper.ClientCnxn: Socket connection established to localhost/127.0.0.1:2181, initiating session
INFO  [2014-02-03 23:13:14,200] org.apache.zookeeper.ClientCnxn: Session establishment complete on server localhost/127.0.0.1:2181, sessionid = 0x143f971c5f3013f, negotiated timeout = 40000
INFO  [2014-02-03 23:13:14,204] org.apache.zookeeper.ZooKeeper: Session: 0x143f971c5f3013f closed
INFO  [2014-02-03 23:13:14,204] org.apache.zookeeper.ClientCnxn: EventThread shut down
INFO  [2014-02-03 23:13:14,306] org.apache.zookeeper.ZooKeeper: Session: 0x143f971c5f3013e closed
INFO  [2014-02-03 23:13:14,306] org.apache.zookeeper.ClientCnxn: EventThread shut down
INFO  [2014-02-03 23:13:14,306] org.kiji.rest.KijiRESTService: Loading instance kiji://localhost:2181/i1/ upon startup.
INFO  [2014-02-03 23:13:14,314] org.apache.zookeeper.ZooKeeper: Initiating client connection, connectString=localhost:2181 sessionTimeout=180000 watcher=hconnection
INFO  [2014-02-03 23:13:19,388] org.apache.zookeeper.ClientCnxn: Opening socket connection to server fe80:0:0:0:0:0:0:1%1/fe80:0:0:0:0:0:0:1%1:2181. Will not attempt to authenticate using SASL (unknown error)
INFO  [2014-02-03 23:13:19,388] org.apache.zookeeper.ClientCnxn: Socket connection established to fe80:0:0:0:0:0:0:1%1/fe80:0:0:0:0:0:0:1%1:2181, initiating session
INFO  [2014-02-03 23:13:19,396] org.apache.zookeeper.ClientCnxn: Session establishment complete on server fe80:0:0:0:0:0:0:1%1/fe80:0:0:0:0:0:0:1%1:2181, sessionid = 0x143f971c5f30140, negotiated timeout = 40000
INFO  [2014-02-03 23:13:19,407] org.apache.zookeeper.ZooKeeper: Initiating client connection, connectString=localhost:2181 sessionTimeout=60000 watcher=org.kiji.schema.layout.impl.ZooKeeperClient$SessionWatcher@1de56319
INFO  [2014-02-03 23:13:24,482] org.apache.zookeeper.ClientCnxn: Opening socket connection to server fe80:0:0:0:0:0:0:1%1/fe80:0:0:0:0:0:0:1%1:2181. Will not attempt to authenticate using SASL (unknown error)
INFO  [2014-02-03 23:13:24,482] org.apache.zookeeper.ClientCnxn: Socket connection established to fe80:0:0:0:0:0:0:1%1/fe80:0:0:0:0:0:0:1%1:2181, initiating session
INFO  [2014-02-03 23:13:24,490] org.apache.zookeeper.ClientCnxn: Session establishment complete on server fe80:0:0:0:0:0:0:1%1/fe80:0:0:0:0:0:0:1%1:2181, sessionid = 0x143f971c5f30141, negotiated timeout = 40000
INFO  [2014-02-03 23:13:24,495] org.apache.zookeeper.ZooKeeper: Session: 0x143f971c5f30141 closed
INFO  [2014-02-03 23:13:24,495] org.apache.zookeeper.ClientCnxn: EventThread shut down
INFO  [2014-02-03 23:13:24,596] org.apache.zookeeper.ZooKeeper: Session: 0x143f971c5f30140 closed
INFO  [2014-02-03 23:13:24,596] org.apache.zookeeper.ClientCnxn: EventThread shut down
INFO  [2014-02-03 23:13:24,597] org.kiji.rest.KijiRESTService: Loading instance kiji://localhost:2181/i1/ upon startup.
INFO  [2014-02-03 23:13:24,605] org.apache.zookeeper.ZooKeeper: Initiating client connection, connectString=localhost:2181 sessionTimeout=180000 watcher=hconnection
INFO  [2014-02-03 23:13:24,606] org.apache.zookeeper.ClientCnxn: Opening socket connection to server localhost/0:0:0:0:0:0:0:1:2181. Will not attempt to authenticate using SASL (unknown error)
INFO  [2014-02-03 23:13:24,606] org.apache.zookeeper.ClientCnxn: Socket connection established to localhost/0:0:0:0:0:0:0:1:2181, initiating session
INFO  [2014-02-03 23:13:24,608] org.apache.zookeeper.ClientCnxn: Session establishment complete on server localhost/0:0:0:0:0:0:0:1:2181, sessionid = 0x143f971c5f30142, negotiated timeout = 40000
INFO  [2014-02-03 23:13:24,619] org.apache.zookeeper.ZooKeeper: Initiating client connection, connectString=localhost:2181 sessionTimeout=60000 watcher=org.kiji.schema.layout.impl.ZooKeeperClient$SessionWatcher@4a0a9822
INFO  [2014-02-03 23:13:24,620] org.apache.zookeeper.ClientCnxn: Opening socket connection to server localhost/127.0.0.1:2181. Will not attempt to authenticate using SASL (unknown error)
INFO  [2014-02-03 23:13:24,620] org.apache.zookeeper.ClientCnxn: Socket connection established to localhost/127.0.0.1:2181, initiating session
INFO  [2014-02-03 23:13:24,622] org.apache.zookeeper.ClientCnxn: Session establishment complete on server localhost/127.0.0.1:2181, sessionid = 0x143f971c5f30143, negotiated timeout = 40000
INFO  [2014-02-03 23:13:24,628] org.apache.zookeeper.ZooKeeper: Session: 0x143f971c5f30143 closed
INFO  [2014-02-03 23:13:24,628] org.apache.zookeeper.ClientCnxn: EventThread shut down
INFO  [2014-02-03 23:13:24,730] org.apache.zookeeper.ZooKeeper: Session: 0x143f971c5f30142 closed
INFO  [2014-02-03 23:13:24,730] org.apache.zookeeper.ClientCnxn: EventThread shut down
INFO  [2014-02-03 23:13:24,731] org.kiji.rest.KijiRESTService: Loading instance kiji://localhost:2181/i1/ upon startup.
INFO  [2014-02-03 23:13:24,742] org.apache.zookeeper.ZooKeeper: Initiating client connection, connectString=localhost:2181 sessionTimeout=180000 watcher=hconnection
INFO  [2014-02-03 23:13:24,743] org.apache.zookeeper.ClientCnxn: Opening socket connection to server localhost/0:0:0:0:0:0:0:1:2181. Will not attempt to authenticate using SASL (unknown error)
INFO  [2014-02-03 23:13:24,743] org.apache.zookeeper.ClientCnxn: Socket connection established to localhost/0:0:0:0:0:0:0:1:2181, initiating session
INFO  [2014-02-03 23:13:24,744] org.apache.zookeeper.ClientCnxn: Session establishment complete on server localhost/0:0:0:0:0:0:0:1:2181, sessionid = 0x143f971c5f30144, negotiated timeout = 40000
INFO  [2014-02-03 23:13:24,754] org.apache.zookeeper.ZooKeeper: Initiating client connection, connectString=localhost:2181 sessionTimeout=60000 watcher=org.kiji.schema.layout.impl.ZooKeeperClient$SessionWatcher@376b030f
INFO  [2014-02-03 23:13:24,755] org.apache.zookeeper.ClientCnxn: Opening socket connection to server localhost/0:0:0:0:0:0:0:1:2181. Will not attempt to authenticate using SASL (unknown error)
INFO  [2014-02-03 23:13:24,755] org.apache.zookeeper.ClientCnxn: Socket connection established to localhost/0:0:0:0:0:0:0:1:2181, initiating session
INFO  [2014-02-03 23:13:24,756] org.apache.zookeeper.ClientCnxn: Session establishment complete on server localhost/0:0:0:0:0:0:0:1:2181, sessionid = 0x143f971c5f30145, negotiated timeout = 40000
INFO  [2014-02-03 23:13:24,759] org.apache.zookeeper.ZooKeeper: Session: 0x143f971c5f30145 closed
INFO  [2014-02-03 23:13:24,760] org.apache.zookeeper.ClientCnxn: EventThread shut down
INFO  [2014-02-03 23:13:24,861] org.apache.zookeeper.ClientCnxn: EventThread shut down
INFO  [2014-02-03 23:13:24,861] org.apache.zookeeper.ZooKeeper: Session: 0x143f971c5f30144 closed
INFO  [2014-02-03 23:13:24,861] org.kiji.rest.KijiRESTService: Loading instance kiji://localhost:2181/i1/ upon startup.
INFO  [2014-02-03 23:13:24,871] org.apache.zookeeper.ZooKeeper: Initiating client connection, connectString=localhost:2181 sessionTimeout=180000 watcher=hconnection
INFO  [2014-02-03 23:13:29,932] org.apache.zookeeper.ClientCnxn: Opening socket connection to server fe80:0:0:0:0:0:0:1%1/fe80:0:0:0:0:0:0:1%1:2181. Will not attempt to authenticate using SASL (unknown error)
INFO  [2014-02-03 23:13:29,933] org.apache.zookeeper.ClientCnxn: Socket connection established to fe80:0:0:0:0:0:0:1%1/fe80:0:0:0:0:0:0:1%1:2181, initiating session
INFO  [2014-02-03 23:13:29,940] org.apache.zookeeper.ClientCnxn: Session establishment complete on server fe80:0:0:0:0:0:0:1%1/fe80:0:0:0:0:0:0:1%1:2181, sessionid = 0x143f971c5f30146, negotiated timeout = 40000
INFO  [2014-02-03 23:13:29,950] org.apache.zookeeper.ZooKeeper: Initiating client connection, connectString=localhost:2181 sessionTimeout=60000 watcher=org.kiji.schema.layout.impl.ZooKeeperClient$SessionWatcher@851e188
INFO  [2014-02-03 23:13:29,951] org.apache.zookeeper.ClientCnxn: Opening socket connection to server localhost/0:0:0:0:0:0:0:1:2181. Will not attempt to authenticate using SASL (unknown error)
INFO  [2014-02-03 23:13:29,951] org.apache.zookeeper.ClientCnxn: Socket connection established to localhost/0:0:0:0:0:0:0:1:2181, initiating session
INFO  [2014-02-03 23:13:29,952] org.apache.zookeeper.ClientCnxn: Session establishment complete on server localhost/0:0:0:0:0:0:0:1:2181, sessionid = 0x143f971c5f30147, negotiated timeout = 40000
INFO  [2014-02-03 23:13:29,956] org.apache.zookeeper.ZooKeeper: Session: 0x143f971c5f30147 closed
INFO  [2014-02-03 23:13:29,956] org.apache.zookeeper.ClientCnxn: EventThread shut down
INFO  [2014-02-03 23:13:30,058] org.apache.zookeeper.ZooKeeper: Session: 0x143f971c5f30146 closed
INFO  [2014-02-03 23:13:30,058] org.apache.zookeeper.ClientCnxn: EventThread shut down
INFO  [2014-02-03 23:13:30,059] org.kiji.rest.KijiRESTService: Loading instance kiji://localhost:2181/i2/ upon startup.
INFO  [2014-02-03 23:13:30,069] org.apache.zookeeper.ZooKeeper: Initiating client connection, connectString=localhost:2181 sessionTimeout=180000 watcher=hconnection
INFO  [2014-02-03 23:13:35,126] org.apache.zookeeper.ClientCnxn: Opening socket connection to server fe80:0:0:0:0:0:0:1%1/fe80:0:0:0:0:0:0:1%1:2181. Will not attempt to authenticate using SASL (unknown error)
INFO  [2014-02-03 23:13:35,127] org.apache.zookeeper.ClientCnxn: Socket connection established to fe80:0:0:0:0:0:0:1%1/fe80:0:0:0:0:0:0:1%1:2181, initiating session
INFO  [2014-02-03 23:13:35,134] org.apache.zookeeper.ClientCnxn: Session establishment complete on server fe80:0:0:0:0:0:0:1%1/fe80:0:0:0:0:0:0:1%1:2181, sessionid = 0x143f971c5f30148, negotiated timeout = 40000
INFO  [2014-02-03 23:13:35,143] org.apache.zookeeper.ZooKeeper: Initiating client connection, connectString=localhost:2181 sessionTimeout=60000 watcher=org.kiji.schema.layout.impl.ZooKeeperClient$SessionWatcher@3bdd712a
INFO  [2014-02-03 23:13:40,216] org.apache.zookeeper.ClientCnxn: Opening socket connection to server fe80:0:0:0:0:0:0:1%1/fe80:0:0:0:0:0:0:1%1:2181. Will not attempt to authenticate using SASL (unknown error)
INFO  [2014-02-03 23:13:40,216] org.apache.zookeeper.ClientCnxn: Socket connection established to fe80:0:0:0:0:0:0:1%1/fe80:0:0:0:0:0:0:1%1:2181, initiating session
INFO  [2014-02-03 23:13:40,223] org.apache.zookeeper.ClientCnxn: Session establishment complete on server fe80:0:0:0:0:0:0:1%1/fe80:0:0:0:0:0:0:1%1:2181, sessionid = 0x143f971c5f30149, negotiated timeout = 40000
INFO  [2014-02-03 23:13:40,228] org.apache.zookeeper.ZooKeeper: Session: 0x143f971c5f30149 closed
INFO  [2014-02-03 23:13:40,229] org.apache.zookeeper.ClientCnxn: EventThread shut down
INFO  [2014-02-03 23:13:40,330] org.apache.zookeeper.ZooKeeper: Session: 0x143f971c5f30148 closed
INFO  [2014-02-03 23:13:40,330] org.apache.zookeeper.ClientCnxn: EventThread shut down
INFO  [2014-02-03 23:13:40,330] org.kiji.rest.KijiRESTService: Loading instance kiji://localhost:2181/i2/ upon startup.
INFO  [2014-02-03 23:13:40,350] org.apache.zookeeper.ZooKeeper: Initiating client connection, connectString=localhost:2181 sessionTimeout=180000 watcher=hconnection
INFO  [2014-02-03 23:13:45,423] org.apache.zookeeper.ClientCnxn: Opening socket connection to server fe80:0:0:0:0:0:0:1%1/fe80:0:0:0:0:0:0:1%1:2181. Will not attempt to authenticate using SASL (unknown error)
INFO  [2014-02-03 23:13:45,423] org.apache.zookeeper.ClientCnxn: Socket connection established to fe80:0:0:0:0:0:0:1%1/fe80:0:0:0:0:0:0:1%1:2181, initiating session
INFO  [2014-02-03 23:13:45,430] org.apache.zookeeper.ClientCnxn: Session establishment complete on server fe80:0:0:0:0:0:0:1%1/fe80:0:0:0:0:0:0:1%1:2181, sessionid = 0x143f971c5f3014a, negotiated timeout = 40000
INFO  [2014-02-03 23:13:45,440] org.apache.zookeeper.ZooKeeper: Initiating client connection, connectString=localhost:2181 sessionTimeout=60000 watcher=org.kiji.schema.layout.impl.ZooKeeperClient$SessionWatcher@79b55420
INFO  [2014-02-03 23:13:45,441] org.apache.zookeeper.ClientCnxn: Opening socket connection to server localhost/0:0:0:0:0:0:0:1:2181. Will not attempt to authenticate using SASL (unknown error)
INFO  [2014-02-03 23:13:45,442] org.apache.zookeeper.ClientCnxn: Socket connection established to localhost/0:0:0:0:0:0:0:1:2181, initiating session
INFO  [2014-02-03 23:13:45,443] org.apache.zookeeper.ClientCnxn: Session establishment complete on server localhost/0:0:0:0:0:0:0:1:2181, sessionid = 0x143f971c5f3014b, negotiated timeout = 40000
INFO  [2014-02-03 23:13:45,446] org.apache.zookeeper.ZooKeeper: Session: 0x143f971c5f3014b closed
INFO  [2014-02-03 23:13:45,447] org.apache.zookeeper.ClientCnxn: EventThread shut down
INFO  [2014-02-03 23:13:45,548] org.apache.zookeeper.ZooKeeper: Session: 0x143f971c5f3014a closed
INFO  [2014-02-03 23:13:45,548] org.apache.zookeeper.ClientCnxn: EventThread shut down
INFO  [2014-02-03 23:13:45,548] org.kiji.rest.KijiRESTService: Loading instance kiji://localhost:2181/i2/ upon startup.
INFO  [2014-02-03 23:13:45,556] org.apache.zookeeper.ZooKeeper: Initiating client connection, connectString=localhost:2181 sessionTimeout=180000 watcher=hconnection
INFO  [2014-02-03 23:13:50,630] org.apache.zookeeper.ClientCnxn: Opening socket connection to server fe80:0:0:0:0:0:0:1%1/fe80:0:0:0:0:0:0:1%1:2181. Will not attempt to authenticate using SASL (unknown error)
INFO  [2014-02-03 23:13:50,630] org.apache.zookeeper.ClientCnxn: Socket connection established to fe80:0:0:0:0:0:0:1%1/fe80:0:0:0:0:0:0:1%1:2181, initiating session
INFO  [2014-02-03 23:13:50,637] org.apache.zookeeper.ClientCnxn: Session establishment complete on server fe80:0:0:0:0:0:0:1%1/fe80:0:0:0:0:0:0:1%1:2181, sessionid = 0x143f971c5f3014c, negotiated timeout = 40000
INFO  [2014-02-03 23:13:50,647] org.apache.zookeeper.ZooKeeper: Initiating client connection, connectString=localhost:2181 sessionTimeout=60000 watcher=org.kiji.schema.layout.impl.ZooKeeperClient$SessionWatcher@737361b8
INFO  [2014-02-03 23:13:50,647] org.apache.zookeeper.ClientCnxn: Opening socket connection to server localhost/127.0.0.1:2181. Will not attempt to authenticate using SASL (unknown error)
INFO  [2014-02-03 23:13:50,648] org.apache.zookeeper.ClientCnxn: Socket connection established to localhost/127.0.0.1:2181, initiating session
INFO  [2014-02-03 23:13:50,649] org.apache.zookeeper.ClientCnxn: Session establishment complete on server localhost/127.0.0.1:2181, sessionid = 0x143f971c5f3014d, negotiated timeout = 40000
INFO  [2014-02-03 23:13:50,652] org.apache.zookeeper.ZooKeeper: Session: 0x143f971c5f3014d closed
INFO  [2014-02-03 23:13:50,652] org.apache.zookeeper.ClientCnxn: EventThread shut down
INFO  [2014-02-03 23:13:50,755] org.apache.zookeeper.ZooKeeper: Session: 0x143f971c5f3014c closed
INFO  [2014-02-03 23:13:50,755] org.apache.zookeeper.ClientCnxn: EventThread shut down
INFO  [2014-02-03 23:13:50,755] org.kiji.rest.KijiRESTService: Loading instance kiji://localhost:2181/i2/ upon startup.
INFO  [2014-02-03 23:13:50,762] org.apache.zookeeper.ZooKeeper: Initiating client connection, connectString=localhost:2181 sessionTimeout=180000 watcher=hconnection
INFO  [2014-02-03 23:13:50,763] org.apache.zookeeper.ClientCnxn: Opening socket connection to server localhost/127.0.0.1:2181. Will not attempt to authenticate using SASL (unknown error)
INFO  [2014-02-03 23:13:50,763] org.apache.zookeeper.ClientCnxn: Socket connection established to localhost/127.0.0.1:2181, initiating session
INFO  [2014-02-03 23:13:50,764] org.apache.zookeeper.ClientCnxn: Session establishment complete on server localhost/127.0.0.1:2181, sessionid = 0x143f971c5f3014e, negotiated timeout = 40000
INFO  [2014-02-03 23:13:50,773] org.apache.zookeeper.ZooKeeper: Initiating client connection, connectString=localhost:2181 sessionTimeout=60000 watcher=org.kiji.schema.layout.impl.ZooKeeperClient$SessionWatcher@232d1095
INFO  [2014-02-03 23:13:50,773] org.apache.zookeeper.ClientCnxn: Opening socket connection to server localhost/127.0.0.1:2181. Will not attempt to authenticate using SASL (unknown error)
INFO  [2014-02-03 23:13:50,773] org.apache.zookeeper.ClientCnxn: Socket connection established to localhost/127.0.0.1:2181, initiating session
INFO  [2014-02-03 23:13:50,774] org.apache.zookeeper.ClientCnxn: Session establishment complete on server localhost/127.0.0.1:2181, sessionid = 0x143f971c5f3014f, negotiated timeout = 40000
INFO  [2014-02-03 23:13:50,778] org.apache.zookeeper.ZooKeeper: Session: 0x143f971c5f3014f closed
INFO  [2014-02-03 23:13:50,778] org.apache.zookeeper.ClientCnxn: EventThread shut down
INFO  [2014-02-03 23:13:50,880] org.apache.zookeeper.ZooKeeper: Session: 0x143f971c5f3014e closed
INFO  [2014-02-03 23:13:50,880] org.apache.zookeeper.ClientCnxn: EventThread shut down
INFO  [2014-02-03 23:13:50,880] org.kiji.rest.KijiRESTService: Loading instance kiji://localhost:2181/i2/ upon startup.
INFO  [2014-02-03 23:13:50,887] org.apache.zookeeper.ZooKeeper: Initiating client connection, connectString=localhost:2181 sessionTimeout=180000 watcher=hconnection
INFO  [2014-02-03 23:13:50,888] org.apache.zookeeper.ClientCnxn: Opening socket connection to server localhost/127.0.0.1:2181. Will not attempt to authenticate using SASL (unknown error)
INFO  [2014-02-03 23:13:50,888] org.apache.zookeeper.ClientCnxn: Socket connection established to localhost/127.0.0.1:2181, initiating session
INFO  [2014-02-03 23:13:50,889] org.apache.zookeeper.ClientCnxn: Session establishment complete on server localhost/127.0.0.1:2181, sessionid = 0x143f971c5f30150, negotiated timeout = 40000
INFO  [2014-02-03 23:13:50,898] org.apache.zookeeper.ZooKeeper: Initiating client connection, connectString=localhost:2181 sessionTimeout=60000 watcher=org.kiji.schema.layout.impl.ZooKeeperClient$SessionWatcher@23e9ee32
INFO  [2014-02-03 23:13:50,898] org.apache.zookeeper.ClientCnxn: Opening socket connection to server localhost/0:0:0:0:0:0:0:1:2181. Will not attempt to authenticate using SASL (unknown error)
INFO  [2014-02-03 23:13:50,899] org.apache.zookeeper.ClientCnxn: Socket connection established to localhost/0:0:0:0:0:0:0:1:2181, initiating session
INFO  [2014-02-03 23:13:50,900] org.apache.zookeeper.ClientCnxn: Session establishment complete on server localhost/0:0:0:0:0:0:0:1:2181, sessionid = 0x143f971c5f30151, negotiated timeout = 40000
INFO  [2014-02-03 23:13:50,904] org.apache.zookeeper.ZooKeeper: Session: 0x143f971c5f30151 closed
INFO  [2014-02-03 23:13:50,904] org.apache.zookeeper.ClientCnxn: EventThread shut down
INFO  [2014-02-03 23:13:51,006] org.apache.zookeeper.ZooKeeper: Session: 0x143f971c5f30150 closed
INFO  [2014-02-03 23:13:51,006] org.apache.zookeeper.ClientCnxn: EventThread shut down
INFO  [2014-02-03 23:13:51,006] org.kiji.rest.KijiRESTService: Loading instance kiji://localhost:2181/i2/ upon startup.
INFO  [2014-02-03 23:13:51,007] org.apache.zookeeper.ZooKeeper: Session: 0x143f971c5f3012d closed
INFO  [2014-02-03 23:13:51,008] org.apache.zookeeper.ClientCnxn: EventThread shut down
INFO  [2014-02-03 23:13:51,012] org.kiji.rest.KijiRESTService: Loading plugin class org.kiji.rest.plugins.StandardKijiRestPlugin
INFO  [2014-02-03 23:13:51,095] com.yammer.dropwizard.cli.ServerCommand: Starting kiji-rest
INFO  [2014-02-03 23:13:51,096] org.eclipse.jetty.server.Server: jetty-8.1.10.v20130312
INFO  [2014-02-03 23:13:51,182] com.sun.jersey.server.impl.application.WebApplicationImpl: Initiating Jersey application, version 'Jersey: 1.17.1 02/28/2013 12:47 PM'
INFO  [2014-02-03 23:13:51,236] com.yammer.dropwizard.config.Environment: The following paths were found for the configured resources:

    GET     /v1 (org.kiji.rest.resources.KijiRESTResource)
    GET     /v1/version (org.kiji.rest.resources.KijiRESTResource)
    GET     /v1/instances (org.kiji.rest.resources.InstancesResource)
    GET     /v1/instances/{instance} (org.kiji.rest.resources.InstanceResource)
    GET     /v1/instances/{instance}/tables/{table} (org.kiji.rest.resources.TableResource)
    GET     /v1/instances/{instance}/tables (org.kiji.rest.resources.TablesResource)
    GET     /v1/instances/{instance}/tables/{table}/rows (org.kiji.rest.resources.RowsResource)
    POST    /v1/instances/{instance}/tables/{table}/rows (org.kiji.rest.resources.RowsResource)

INFO  [2014-02-03 23:13:51,236] com.yammer.dropwizard.config.Environment: tasks = 

    POST    /tasks/gc (com.yammer.dropwizard.tasks.GarbageCollectionTask)
    POST    /tasks/refresh_instances (org.kiji.rest.resources.RefreshInstancesTask)

INFO  [2014-02-03 23:13:51,506] org.apache.zookeeper.ZooKeeper: Initiating client connection, connectString=localhost:2181 sessionTimeout=180000 watcher=hconnection
INFO  [2014-02-03 23:13:56,579] org.apache.zookeeper.ClientCnxn: Opening socket connection to server fe80:0:0:0:0:0:0:1%1/fe80:0:0:0:0:0:0:1%1:2181. Will not attempt to authenticate using SASL (unknown error)
INFO  [2014-02-03 23:13:56,580] org.apache.zookeeper.ClientCnxn: Socket connection established to fe80:0:0:0:0:0:0:1%1/fe80:0:0:0:0:0:0:1%1:2181, initiating session
INFO  [2014-02-03 23:13:56,587] org.apache.zookeeper.ClientCnxn: Session establishment complete on server fe80:0:0:0:0:0:0:1%1/fe80:0:0:0:0:0:0:1%1:2181, sessionid = 0x143f971c5f30152, negotiated timeout = 40000
INFO  [2014-02-03 23:13:56,598] org.apache.zookeeper.ZooKeeper: Initiating client connection, connectString=localhost:2181 sessionTimeout=60000 watcher=org.kiji.schema.layout.impl.ZooKeeperClient$SessionWatcher@7a6a5f35
INFO  [2014-02-03 23:13:56,598] org.apache.zookeeper.ClientCnxn: Opening socket connection to server localhost/127.0.0.1:2181. Will not attempt to authenticate using SASL (unknown error)
INFO  [2014-02-03 23:13:56,599] org.apache.zookeeper.ClientCnxn: Socket connection established to localhost/127.0.0.1:2181, initiating session
INFO  [2014-02-03 23:13:56,600] org.apache.zookeeper.ClientCnxn: Session establishment complete on server localhost/127.0.0.1:2181, sessionid = 0x143f971c5f30153, negotiated timeout = 40000
INFO  [2014-02-03 23:13:56,766] org.apache.zookeeper.ZooKeeper: Initiating client connection, connectString=localhost:2181 sessionTimeout=60000 watcher=org.kiji.schema.layout.impl.ZooKeeperClient$SessionWatcher@65926afe
INFO  [2014-02-03 23:13:56,767] org.apache.zookeeper.ClientCnxn: Opening socket connection to server localhost/0:0:0:0:0:0:0:1:2181. Will not attempt to authenticate using SASL (unknown error)
INFO  [2014-02-03 23:13:56,767] org.apache.zookeeper.ClientCnxn: Socket connection established to localhost/0:0:0:0:0:0:0:1:2181, initiating session
INFO  [2014-02-03 23:13:56,768] org.apache.zookeeper.ClientCnxn: Session establishment complete on server localhost/0:0:0:0:0:0:0:1:2181, sessionid = 0x143f971c5f30154, negotiated timeout = 40000
INFO  [2014-02-03 23:13:56,831] org.kiji.schema.layout.impl.ZooKeeperMonitor: Received layout update for table kiji://localhost:2181/default/phonebook/: 0.
INFO  [2014-02-03 23:13:56,831] org.kiji.schema.impl.HBaseKijiTable: Setting initial layout for table kiji://localhost:2181/default/phonebook/ to layout ID 0.
INFO  [2014-02-03 23:13:56,906] org.kiji.schema.layout.impl.ZooKeeperMonitor: Received layout update for table kiji://localhost:2181/default/users/: 0.
INFO  [2014-02-03 23:13:56,906] org.kiji.schema.impl.HBaseKijiTable: Setting initial layout for table kiji://localhost:2181/default/users/ to layout ID 0.
INFO  [2014-02-03 23:13:56,979] org.apache.zookeeper.ZooKeeper: Initiating client connection, connectString=localhost:2181 sessionTimeout=60000 watcher=org.kiji.schema.layout.impl.ZooKeeperClient$SessionWatcher@75c8d65e
INFO  [2014-02-03 23:13:56,979] org.apache.zookeeper.ClientCnxn: Opening socket connection to server localhost/127.0.0.1:2181. Will not attempt to authenticate using SASL (unknown error)
INFO  [2014-02-03 23:13:56,980] org.apache.zookeeper.ClientCnxn: Socket connection established to localhost/127.0.0.1:2181, initiating session
INFO  [2014-02-03 23:13:56,981] org.apache.zookeeper.ClientCnxn: Session establishment complete on server localhost/127.0.0.1:2181, sessionid = 0x143f971c5f30155, negotiated timeout = 40000
INFO  [2014-02-03 23:13:56,988] org.apache.zookeeper.ZooKeeper: Initiating client connection, connectString=localhost:2181 sessionTimeout=60000 watcher=org.kiji.schema.layout.impl.ZooKeeperClient$SessionWatcher@526b9ccc
INFO  [2014-02-03 23:13:56,989] org.apache.zookeeper.ClientCnxn: Opening socket connection to server localhost/127.0.0.1:2181. Will not attempt to authenticate using SASL (unknown error)
INFO  [2014-02-03 23:13:56,989] org.apache.zookeeper.ClientCnxn: Socket connection established to localhost/127.0.0.1:2181, initiating session
INFO  [2014-02-03 23:13:56,990] org.apache.zookeeper.ClientCnxn: Session establishment complete on server localhost/127.0.0.1:2181, sessionid = 0x143f971c5f30156, negotiated timeout = 40000
INFO  [2014-02-03 23:13:56,998] org.kiji.schema.layout.impl.ZooKeeperMonitor: Received layout update for table kiji://localhost:2181/i2/phonebook/: 0.
INFO  [2014-02-03 23:13:56,998] org.kiji.schema.impl.HBaseKijiTable: Setting initial layout for table kiji://localhost:2181/i2/phonebook/ to layout ID 0.
INFO  [2014-02-03 23:13:57,027] org.kiji.schema.layout.impl.ZooKeeperMonitor: Received layout update for table kiji://localhost:2181/i2/users/: 0.
INFO  [2014-02-03 23:13:57,027] org.kiji.schema.impl.HBaseKijiTable: Setting initial layout for table kiji://localhost:2181/i2/users/ to layout ID 0.
INFO  [2014-02-03 23:13:57,074] org.apache.zookeeper.ZooKeeper: Initiating client connection, connectString=localhost:2181 sessionTimeout=60000 watcher=org.kiji.schema.layout.impl.ZooKeeperClient$SessionWatcher@4d3aca61
INFO  [2014-02-03 23:13:57,074] org.apache.zookeeper.ClientCnxn: Opening socket connection to server localhost/0:0:0:0:0:0:0:1:2181. Will not attempt to authenticate using SASL (unknown error)
INFO  [2014-02-03 23:13:57,075] org.apache.zookeeper.ClientCnxn: Socket connection established to localhost/0:0:0:0:0:0:0:1:2181, initiating session
INFO  [2014-02-03 23:13:57,076] org.apache.zookeeper.ClientCnxn: Session establishment complete on server localhost/0:0:0:0:0:0:0:1:2181, sessionid = 0x143f971c5f30157, negotiated timeout = 40000
INFO  [2014-02-03 23:13:57,083] org.apache.zookeeper.ZooKeeper: Initiating client connection, connectString=localhost:2181 sessionTimeout=60000 watcher=org.kiji.schema.layout.impl.ZooKeeperClient$SessionWatcher@285e8f58
INFO  [2014-02-03 23:13:57,093] org.kiji.schema.layout.impl.ZooKeeperMonitor: Received layout update for table kiji://localhost:2181/i1/phonebook/: 0.
INFO  [2014-02-03 23:13:57,093] org.kiji.schema.impl.HBaseKijiTable: Setting initial layout for table kiji://localhost:2181/i1/phonebook/ to layout ID 0.
INFO  [2014-02-03 23:13:57,113] org.kiji.schema.layout.impl.ZooKeeperMonitor: Received layout update for table kiji://localhost:2181/i1/users/: 0.
INFO  [2014-02-03 23:13:57,113] org.kiji.schema.impl.HBaseKijiTable: Setting initial layout for table kiji://localhost:2181/i1/users/ to layout ID 0.
INFO  [2014-02-03 23:13:57,138] org.kiji.rest.ManagedKijiClient: Successfully started ManagedKijiClient!
INFO  [2014-02-03 23:13:57,142] org.eclipse.jetty.server.AbstractConnector: Started InstrumentedBlockingChannelConnector@0.0.0.0:8080
INFO  [2014-02-03 23:13:57,144] org.eclipse.jetty.server.AbstractConnector: Started SocketConnector@0.0.0.0:8081
INFO  [2014-02-03 23:14:02,158] org.apache.zookeeper.ClientCnxn: Opening socket connection to server fe80:0:0:0:0:0:0:1%1/fe80:0:0:0:0:0:0:1%1:2181. Will not attempt to authenticate using SASL (unknown error)
INFO  [2014-02-03 23:14:02,158] org.apache.zookeeper.ClientCnxn: Socket connection established to fe80:0:0:0:0:0:0:1%1/fe80:0:0:0:0:0:0:1%1:2181, initiating session
INFO  [2014-02-03 23:14:02,165] org.apache.zookeeper.ClientCnxn: Session establishment complete on server fe80:0:0:0:0:0:0:1%1/fe80:0:0:0:0:0:0:1%1:2181, sessionid = 0x143f971c5f30158, negotiated timeout = 40000
INFO  [2014-02-03 23:14:27,239] org.eclipse.jetty.server.Server: Graceful shutdown SocketConnector@0.0.0.0:8081
INFO  [2014-02-03 23:14:27,240] org.eclipse.jetty.server.Server: Graceful shutdown InstrumentedBlockingChannelConnector@0.0.0.0:8080
INFO  [2014-02-03 23:14:27,240] org.eclipse.jetty.server.Server: Graceful shutdown o.e.j.s.ServletContextHandler{/,null}
INFO  [2014-02-03 23:14:27,240] org.eclipse.jetty.server.Server: Graceful shutdown o.e.j.s.ServletContextHandler{/,file:/Users/dan/dotfiles/bin/}
INFO  [2014-02-03 23:14:29,295] org.eclipse.jetty.server.handler.ContextHandler: stopped o.e.j.s.ServletContextHandler{/,file:/Users/dan/dotfiles/bin/}
INFO  [2014-02-03 23:14:29,295] org.eclipse.jetty.server.handler.ContextHandler: stopped o.e.j.s.ServletContextHandler{/,null}
INFO  [2014-02-03 23:14:29,296] org.kiji.rest.ManagedKijiClient: Stopping ManagedKijiClient...
